CRITICAL - 2022-10-16 17:59:02 --> Too few arguments to function App\Controllers\ClienteController::delete(), 0 passed in C:\Apache24\htdocs\comunidadBancariaCI\system\CodeIgniter.php on line 832 and exactly 1 expected
#0 C:\Apache24\htdocs\comunidadBancariaCI\system\CodeIgniter.php(832): App\Controllers\ClienteController->delete()
#1 C:\Apache24\htdocs\comunidadBancariaCI\system\CodeIgniter.php(419): CodeIgniter\CodeIgniter->runController()
#2 C:\Apache24\htdocs\comunidadBancariaCI\system\CodeIgniter.php(326): CodeIgniter\CodeIgniter->handleRequest()
#3 C:\Apache24\htdocs\comunidadBancariaCI\index.php(37): CodeIgniter\CodeIgniter->run()
#4 {main}
CRITICAL - 2022-10-16 18:08:06 --> Undefined variable: data
#0 C:\Apache24\htdocs\comunidadBancariaCI\app\Controllers\ClienteController.php(38): CodeIgniter\Debug\Exceptions->errorHandler()
#1 C:\Apache24\htdocs\comunidadBancariaCI\system\CodeIgniter.php(832): App\Controllers\ClienteController->create()
#2 C:\Apache24\htdocs\comunidadBancariaCI\system\CodeIgniter.php(419): CodeIgniter\CodeIgniter->runController()
#3 C:\Apache24\htdocs\comunidadBancariaCI\system\CodeIgniter.php(326): CodeIgniter\CodeIgniter->handleRequest()
#4 C:\Apache24\htdocs\comunidadBancariaCI\index.php(37): CodeIgniter\CodeIgniter->run()
#5 {main}
CRITICAL - 2022-10-16 18:15:32 --> Undefined variable: validation
#0 C:\Apache24\htdocs\comunidadBancariaCI\app\Views\clienteView\createClienteView.php(3): CodeIgniter\Debug\Exceptions->errorHandler()
#1 C:\Apache24\htdocs\comunidadBancariaCI\system\View\View.php(210): include('C:\\Apache24\\htd...')
#2 C:\Apache24\htdocs\comunidadBancariaCI\system\View\View.php(213): CodeIgniter\View\View->CodeIgniter\View\{closure}()
#3 C:\Apache24\htdocs\comunidadBancariaCI\system\Common.php(1089): CodeIgniter\View\View->render()
#4 C:\Apache24\htdocs\comunidadBancariaCI\app\Controllers\ClienteController.php(48): view()
#5 C:\Apache24\htdocs\comunidadBancariaCI\system\CodeIgniter.php(832): App\Controllers\ClienteController->create()
#6 C:\Apache24\htdocs\comunidadBancariaCI\system\CodeIgniter.php(419): CodeIgniter\CodeIgniter->runController()
#7 C:\Apache24\htdocs\comunidadBancariaCI\system\CodeIgniter.php(326): CodeIgniter\CodeIgniter->handleRequest()
#8 C:\Apache24\htdocs\comunidadBancariaCI\index.php(37): CodeIgniter\CodeIgniter->run()
#9 {main}
CRITICAL - 2022-10-16 18:21:07 --> Undefined variable: validation
#0 C:\Apache24\htdocs\comunidadBancariaCI\app\Views\clienteView\createClienteView.php(3): CodeIgniter\Debug\Exceptions->errorHandler()
#1 C:\Apache24\htdocs\comunidadBancariaCI\system\View\View.php(210): include('C:\\Apache24\\htd...')
#2 C:\Apache24\htdocs\comunidadBancariaCI\system\View\View.php(213): CodeIgniter\View\View->CodeIgniter\View\{closure}()
#3 C:\Apache24\htdocs\comunidadBancariaCI\system\Common.php(1089): CodeIgniter\View\View->render()
#4 C:\Apache24\htdocs\comunidadBancariaCI\app\Controllers\ClienteController.php(41): view()
#5 C:\Apache24\htdocs\comunidadBancariaCI\system\CodeIgniter.php(832): App\Controllers\ClienteController->create()
#6 C:\Apache24\htdocs\comunidadBancariaCI\system\CodeIgniter.php(419): CodeIgniter\CodeIgniter->runController()
#7 C:\Apache24\htdocs\comunidadBancariaCI\system\CodeIgniter.php(326): CodeIgniter\CodeIgniter->handleRequest()
#8 C:\Apache24\htdocs\comunidadBancariaCI\index.php(37): CodeIgniter\CodeIgniter->run()
#9 {main}
CRITICAL - 2022-10-16 18:21:12 --> Undefined variable: validation
#0 C:\Apache24\htdocs\comunidadBancariaCI\app\Views\clienteView\createClienteView.php(3): CodeIgniter\Debug\Exceptions->errorHandler()
#1 C:\Apache24\htdocs\comunidadBancariaCI\system\View\View.php(210): include('C:\\Apache24\\htd...')
#2 C:\Apache24\htdocs\comunidadBancariaCI\system\View\View.php(213): CodeIgniter\View\View->CodeIgniter\View\{closure}()
#3 C:\Apache24\htdocs\comunidadBancariaCI\system\Common.php(1089): CodeIgniter\View\View->render()
#4 C:\Apache24\htdocs\comunidadBancariaCI\app\Controllers\ClienteController.php(41): view()
#5 C:\Apache24\htdocs\comunidadBancariaCI\system\CodeIgniter.php(832): App\Controllers\ClienteController->create()
#6 C:\Apache24\htdocs\comunidadBancariaCI\system\CodeIgniter.php(419): CodeIgniter\CodeIgniter->runController()
#7 C:\Apache24\htdocs\comunidadBancariaCI\system\CodeIgniter.php(326): CodeIgniter\CodeIgniter->handleRequest()
#8 C:\Apache24\htdocs\comunidadBancariaCI\index.php(37): CodeIgniter\CodeIgniter->run()
#9 {main}
CRITICAL - 2022-10-16 18:24:36 --> Undefined variable: validation
#0 C:\Apache24\htdocs\comunidadBancariaCI\app\Views\clienteView\createClienteView.php(8): CodeIgniter\Debug\Exceptions->errorHandler()
#1 C:\Apache24\htdocs\comunidadBancariaCI\system\View\View.php(210): include('C:\\Apache24\\htd...')
#2 C:\Apache24\htdocs\comunidadBancariaCI\system\View\View.php(213): CodeIgniter\View\View->CodeIgniter\View\{closure}()
#3 C:\Apache24\htdocs\comunidadBancariaCI\system\Common.php(1089): CodeIgniter\View\View->render()
#4 C:\Apache24\htdocs\comunidadBancariaCI\app\Controllers\ClienteController.php(41): view()
#5 C:\Apache24\htdocs\comunidadBancariaCI\system\CodeIgniter.php(832): App\Controllers\ClienteController->create()
#6 C:\Apache24\htdocs\comunidadBancariaCI\system\CodeIgniter.php(419): CodeIgniter\CodeIgniter->runController()
#7 C:\Apache24\htdocs\comunidadBancariaCI\system\CodeIgniter.php(326): CodeIgniter\CodeIgniter->handleRequest()
#8 C:\Apache24\htdocs\comunidadBancariaCI\index.php(37): CodeIgniter\CodeIgniter->run()
#9 {main}
CRITICAL - 2022-10-16 18:24:59 --> Undefined variable: data
#0 C:\Apache24\htdocs\comunidadBancariaCI\app\Views\clienteView\createClienteView.php(7): CodeIgniter\Debug\Exceptions->errorHandler()
#1 C:\Apache24\htdocs\comunidadBancariaCI\system\View\View.php(210): include('C:\\Apache24\\htd...')
#2 C:\Apache24\htdocs\comunidadBancariaCI\system\View\View.php(213): CodeIgniter\View\View->CodeIgniter\View\{closure}()
#3 C:\Apache24\htdocs\comunidadBancariaCI\system\Common.php(1089): CodeIgniter\View\View->render()
#4 C:\Apache24\htdocs\comunidadBancariaCI\app\Controllers\ClienteController.php(41): view()
#5 C:\Apache24\htdocs\comunidadBancariaCI\system\CodeIgniter.php(832): App\Controllers\ClienteController->create()
#6 C:\Apache24\htdocs\comunidadBancariaCI\system\CodeIgniter.php(419): CodeIgniter\CodeIgniter->runController()
#7 C:\Apache24\htdocs\comunidadBancariaCI\system\CodeIgniter.php(326): CodeIgniter\CodeIgniter->handleRequest()
#8 C:\Apache24\htdocs\comunidadBancariaCI\index.php(37): CodeIgniter\CodeIgniter->run()
#9 {main}
CRITICAL - 2022-10-16 18:25:10 --> Undefined variable: validation
#0 C:\Apache24\htdocs\comunidadBancariaCI\app\Views\clienteView\createClienteView.php(10): CodeIgniter\Debug\Exceptions->errorHandler()
#1 C:\Apache24\htdocs\comunidadBancariaCI\system\View\View.php(210): include('C:\\Apache24\\htd...')
#2 C:\Apache24\htdocs\comunidadBancariaCI\system\View\View.php(213): CodeIgniter\View\View->CodeIgniter\View\{closure}()
#3 C:\Apache24\htdocs\comunidadBancariaCI\system\Common.php(1089): CodeIgniter\View\View->render()
#4 C:\Apache24\htdocs\comunidadBancariaCI\app\Controllers\ClienteController.php(41): view()
#5 C:\Apache24\htdocs\comunidadBancariaCI\system\CodeIgniter.php(832): App\Controllers\ClienteController->create()
#6 C:\Apache24\htdocs\comunidadBancariaCI\system\CodeIgniter.php(419): CodeIgniter\CodeIgniter->runController()
#7 C:\Apache24\htdocs\comunidadBancariaCI\system\CodeIgniter.php(326): CodeIgniter\CodeIgniter->handleRequest()
#8 C:\Apache24\htdocs\comunidadBancariaCI\index.php(37): CodeIgniter\CodeIgniter->run()
#9 {main}
CRITICAL - 2022-10-16 18:26:03 --> Undefined variable: data
#0 C:\Apache24\htdocs\comunidadBancariaCI\app\Views\clienteView\createClienteView.php(7): CodeIgniter\Debug\Exceptions->errorHandler()
#1 C:\Apache24\htdocs\comunidadBancariaCI\system\View\View.php(210): include('C:\\Apache24\\htd...')
#2 C:\Apache24\htdocs\comunidadBancariaCI\system\View\View.php(213): CodeIgniter\View\View->CodeIgniter\View\{closure}()
#3 C:\Apache24\htdocs\comunidadBancariaCI\system\Common.php(1089): CodeIgniter\View\View->render()
#4 C:\Apache24\htdocs\comunidadBancariaCI\app\Controllers\ClienteController.php(40): view()
#5 C:\Apache24\htdocs\comunidadBancariaCI\system\CodeIgniter.php(832): App\Controllers\ClienteController->create()
#6 C:\Apache24\htdocs\comunidadBancariaCI\system\CodeIgniter.php(419): CodeIgniter\CodeIgniter->runController()
#7 C:\Apache24\htdocs\comunidadBancariaCI\system\CodeIgniter.php(326): CodeIgniter\CodeIgniter->handleRequest()
#8 C:\Apache24\htdocs\comunidadBancariaCI\index.php(37): CodeIgniter\CodeIgniter->run()
#9 {main}
CRITICAL - 2022-10-16 18:29:01 --> Undefined variable: validation
#0 C:\Apache24\htdocs\comunidadBancariaCI\app\Views\clienteView\createClienteView.php(10): CodeIgniter\Debug\Exceptions->errorHandler()
#1 C:\Apache24\htdocs\comunidadBancariaCI\system\View\View.php(210): include('C:\\Apache24\\htd...')
#2 C:\Apache24\htdocs\comunidadBancariaCI\system\View\View.php(213): CodeIgniter\View\View->CodeIgniter\View\{closure}()
#3 C:\Apache24\htdocs\comunidadBancariaCI\system\Common.php(1089): CodeIgniter\View\View->render()
#4 C:\Apache24\htdocs\comunidadBancariaCI\app\Controllers\ClienteController.php(39): view()
#5 C:\Apache24\htdocs\comunidadBancariaCI\system\CodeIgniter.php(832): App\Controllers\ClienteController->create()
#6 C:\Apache24\htdocs\comunidadBancariaCI\system\CodeIgniter.php(419): CodeIgniter\CodeIgniter->runController()
#7 C:\Apache24\htdocs\comunidadBancariaCI\system\CodeIgniter.php(326): CodeIgniter\CodeIgniter->handleRequest()
#8 C:\Apache24\htdocs\comunidadBancariaCI\index.php(37): CodeIgniter\CodeIgniter->run()
#9 {main}
CRITICAL - 2022-10-16 18:29:08 --> Undefined variable: validation
#0 C:\Apache24\htdocs\comunidadBancariaCI\app\Views\clienteView\createClienteView.php(10): CodeIgniter\Debug\Exceptions->errorHandler()
#1 C:\Apache24\htdocs\comunidadBancariaCI\system\View\View.php(210): include('C:\\Apache24\\htd...')
#2 C:\Apache24\htdocs\comunidadBancariaCI\system\View\View.php(213): CodeIgniter\View\View->CodeIgniter\View\{closure}()
#3 C:\Apache24\htdocs\comunidadBancariaCI\system\Common.php(1089): CodeIgniter\View\View->render()
#4 C:\Apache24\htdocs\comunidadBancariaCI\app\Controllers\ClienteController.php(39): view()
#5 C:\Apache24\htdocs\comunidadBancariaCI\system\CodeIgniter.php(832): App\Controllers\ClienteController->create()
#6 C:\Apache24\htdocs\comunidadBancariaCI\system\CodeIgniter.php(419): CodeIgniter\CodeIgniter->runController()
#7 C:\Apache24\htdocs\comunidadBancariaCI\system\CodeIgniter.php(326): CodeIgniter\CodeIgniter->handleRequest()
#8 C:\Apache24\htdocs\comunidadBancariaCI\index.php(37): CodeIgniter\CodeIgniter->run()
#9 {main}
CRITICAL - 2022-10-16 18:38:24 --> Undefined variable: nombre_apellido
#0 C:\Apache24\htdocs\comunidadBancariaCI\app\Views\clienteView\createClienteView.php(6): CodeIgniter\Debug\Exceptions->errorHandler()
#1 C:\Apache24\htdocs\comunidadBancariaCI\system\View\View.php(210): include('C:\\Apache24\\htd...')
#2 C:\Apache24\htdocs\comunidadBancariaCI\system\View\View.php(213): CodeIgniter\View\View->CodeIgniter\View\{closure}()
#3 C:\Apache24\htdocs\comunidadBancariaCI\system\Common.php(1089): CodeIgniter\View\View->render()
#4 C:\Apache24\htdocs\comunidadBancariaCI\app\Controllers\ClienteController.php(43): view()
#5 C:\Apache24\htdocs\comunidadBancariaCI\system\CodeIgniter.php(832): App\Controllers\ClienteController->create()
#6 C:\Apache24\htdocs\comunidadBancariaCI\system\CodeIgniter.php(419): CodeIgniter\CodeIgniter->runController()
#7 C:\Apache24\htdocs\comunidadBancariaCI\system\CodeIgniter.php(326): CodeIgniter\CodeIgniter->handleRequest()
#8 C:\Apache24\htdocs\comunidadBancariaCI\index.php(37): CodeIgniter\CodeIgniter->run()
#9 {main}
CRITICAL - 2022-10-16 18:39:20 --> Undefined variable: fechaNacimiento
#0 C:\Apache24\htdocs\comunidadBancariaCI\app\Views\clienteView\createClienteView.php(18): CodeIgniter\Debug\Exceptions->errorHandler()
#1 C:\Apache24\htdocs\comunidadBancariaCI\system\View\View.php(210): include('C:\\Apache24\\htd...')
#2 C:\Apache24\htdocs\comunidadBancariaCI\system\View\View.php(213): CodeIgniter\View\View->CodeIgniter\View\{closure}()
#3 C:\Apache24\htdocs\comunidadBancariaCI\system\Common.php(1089): CodeIgniter\View\View->render()
#4 C:\Apache24\htdocs\comunidadBancariaCI\app\Controllers\ClienteController.php(39): view()
#5 C:\Apache24\htdocs\comunidadBancariaCI\system\CodeIgniter.php(832): App\Controllers\ClienteController->create()
#6 C:\Apache24\htdocs\comunidadBancariaCI\system\CodeIgniter.php(419): CodeIgniter\CodeIgniter->runController()
#7 C:\Apache24\htdocs\comunidadBancariaCI\system\CodeIgniter.php(326): CodeIgniter\CodeIgniter->handleRequest()
#8 C:\Apache24\htdocs\comunidadBancariaCI\index.php(37): CodeIgniter\CodeIgniter->run()
#9 {main}
CRITICAL - 2022-10-16 18:39:23 --> Undefined variable: fechaNacimiento
#0 C:\Apache24\htdocs\comunidadBancariaCI\app\Views\clienteView\createClienteView.php(18): CodeIgniter\Debug\Exceptions->errorHandler()
#1 C:\Apache24\htdocs\comunidadBancariaCI\system\View\View.php(210): include('C:\\Apache24\\htd...')
#2 C:\Apache24\htdocs\comunidadBancariaCI\system\View\View.php(213): CodeIgniter\View\View->CodeIgniter\View\{closure}()
#3 C:\Apache24\htdocs\comunidadBancariaCI\system\Common.php(1089): CodeIgniter\View\View->render()
#4 C:\Apache24\htdocs\comunidadBancariaCI\app\Controllers\ClienteController.php(39): view()
#5 C:\Apache24\htdocs\comunidadBancariaCI\system\CodeIgniter.php(832): App\Controllers\ClienteController->create()
#6 C:\Apache24\htdocs\comunidadBancariaCI\system\CodeIgniter.php(419): CodeIgniter\CodeIgniter->runController()
#7 C:\Apache24\htdocs\comunidadBancariaCI\system\CodeIgniter.php(326): CodeIgniter\CodeIgniter->handleRequest()
#8 C:\Apache24\htdocs\comunidadBancariaCI\index.php(37): CodeIgniter\CodeIgniter->run()
#9 {main}
CRITICAL - 2022-10-16 18:39:50 --> Undefined variable: nombre_apellido
#0 C:\Apache24\htdocs\comunidadBancariaCI\app\Views\clienteView\createClienteView.php(6): CodeIgniter\Debug\Exceptions->errorHandler()
#1 C:\Apache24\htdocs\comunidadBancariaCI\system\View\View.php(210): include('C:\\Apache24\\htd...')
#2 C:\Apache24\htdocs\comunidadBancariaCI\system\View\View.php(213): CodeIgniter\View\View->CodeIgniter\View\{closure}()
#3 C:\Apache24\htdocs\comunidadBancariaCI\system\Common.php(1089): CodeIgniter\View\View->render()
#4 C:\Apache24\htdocs\comunidadBancariaCI\app\Controllers\ClienteController.php(51): view()
#5 C:\Apache24\htdocs\comunidadBancariaCI\system\CodeIgniter.php(832): App\Controllers\ClienteController->create()
#6 C:\Apache24\htdocs\comunidadBancariaCI\system\CodeIgniter.php(419): CodeIgniter\CodeIgniter->runController()
#7 C:\Apache24\htdocs\comunidadBancariaCI\system\CodeIgniter.php(326): CodeIgniter\CodeIgniter->handleRequest()
#8 C:\Apache24\htdocs\comunidadBancariaCI\index.php(37): CodeIgniter\CodeIgniter->run()
#9 {main}
CRITICAL - 2022-10-16 18:47:14 --> Undefined variable: validation
#0 C:\Apache24\htdocs\comunidadBancariaCI\app\Views\clienteView\createClienteView.php(3): CodeIgniter\Debug\Exceptions->errorHandler()
#1 C:\Apache24\htdocs\comunidadBancariaCI\system\View\View.php(210): include('C:\\Apache24\\htd...')
#2 C:\Apache24\htdocs\comunidadBancariaCI\system\View\View.php(213): CodeIgniter\View\View->CodeIgniter\View\{closure}()
#3 C:\Apache24\htdocs\comunidadBancariaCI\system\Common.php(1089): CodeIgniter\View\View->render()
#4 C:\Apache24\htdocs\comunidadBancariaCI\app\Controllers\ClienteController.php(39): view()
#5 C:\Apache24\htdocs\comunidadBancariaCI\system\CodeIgniter.php(832): App\Controllers\ClienteController->create()
#6 C:\Apache24\htdocs\comunidadBancariaCI\system\CodeIgniter.php(419): CodeIgniter\CodeIgniter->runController()
#7 C:\Apache24\htdocs\comunidadBancariaCI\system\CodeIgniter.php(326): CodeIgniter\CodeIgniter->handleRequest()
#8 C:\Apache24\htdocs\comunidadBancariaCI\index.php(37): CodeIgniter\CodeIgniter->run()
#9 {main}
CRITICAL - 2022-10-16 18:47:18 --> Undefined variable: validation
#0 C:\Apache24\htdocs\comunidadBancariaCI\app\Views\clienteView\createClienteView.php(3): CodeIgniter\Debug\Exceptions->errorHandler()
#1 C:\Apache24\htdocs\comunidadBancariaCI\system\View\View.php(210): include('C:\\Apache24\\htd...')
#2 C:\Apache24\htdocs\comunidadBancariaCI\system\View\View.php(213): CodeIgniter\View\View->CodeIgniter\View\{closure}()
#3 C:\Apache24\htdocs\comunidadBancariaCI\system\Common.php(1089): CodeIgniter\View\View->render()
#4 C:\Apache24\htdocs\comunidadBancariaCI\app\Controllers\ClienteController.php(39): view()
#5 C:\Apache24\htdocs\comunidadBancariaCI\system\CodeIgniter.php(832): App\Controllers\ClienteController->create()
#6 C:\Apache24\htdocs\comunidadBancariaCI\system\CodeIgniter.php(419): CodeIgniter\CodeIgniter->runController()
#7 C:\Apache24\htdocs\comunidadBancariaCI\system\CodeIgniter.php(326): CodeIgniter\CodeIgniter->handleRequest()
#8 C:\Apache24\htdocs\comunidadBancariaCI\index.php(37): CodeIgniter\CodeIgniter->run()
#9 {main}
CRITICAL - 2022-10-16 18:47:35 --> Undefined variable: validation
#0 C:\Apache24\htdocs\comunidadBancariaCI\app\Views\clienteView\createClienteView.php(3): CodeIgniter\Debug\Exceptions->errorHandler()
#1 C:\Apache24\htdocs\comunidadBancariaCI\system\View\View.php(210): include('C:\\Apache24\\htd...')
#2 C:\Apache24\htdocs\comunidadBancariaCI\system\View\View.php(213): CodeIgniter\View\View->CodeIgniter\View\{closure}()
#3 C:\Apache24\htdocs\comunidadBancariaCI\system\Common.php(1089): CodeIgniter\View\View->render()
#4 C:\Apache24\htdocs\comunidadBancariaCI\app\Controllers\ClienteController.php(40): view()
#5 C:\Apache24\htdocs\comunidadBancariaCI\system\CodeIgniter.php(832): App\Controllers\ClienteController->create()
#6 C:\Apache24\htdocs\comunidadBancariaCI\system\CodeIgniter.php(419): CodeIgniter\CodeIgniter->runController()
#7 C:\Apache24\htdocs\comunidadBancariaCI\system\CodeIgniter.php(326): CodeIgniter\CodeIgniter->handleRequest()
#8 C:\Apache24\htdocs\comunidadBancariaCI\index.php(37): CodeIgniter\CodeIgniter->run()
#9 {main}
CRITICAL - 2022-10-16 18:47:45 --> Undefined variable: validation
#0 C:\Apache24\htdocs\comunidadBancariaCI\app\Views\clienteView\createClienteView.php(3): CodeIgniter\Debug\Exceptions->errorHandler()
#1 C:\Apache24\htdocs\comunidadBancariaCI\system\View\View.php(210): include('C:\\Apache24\\htd...')
#2 C:\Apache24\htdocs\comunidadBancariaCI\system\View\View.php(213): CodeIgniter\View\View->CodeIgniter\View\{closure}()
#3 C:\Apache24\htdocs\comunidadBancariaCI\system\Common.php(1089): CodeIgniter\View\View->render()
#4 C:\Apache24\htdocs\comunidadBancariaCI\app\Controllers\ClienteController.php(40): view()
#5 C:\Apache24\htdocs\comunidadBancariaCI\system\CodeIgniter.php(832): App\Controllers\ClienteController->create()
#6 C:\Apache24\htdocs\comunidadBancariaCI\system\CodeIgniter.php(419): CodeIgniter\CodeIgniter->runController()
#7 C:\Apache24\htdocs\comunidadBancariaCI\system\CodeIgniter.php(326): CodeIgniter\CodeIgniter->handleRequest()
#8 C:\Apache24\htdocs\comunidadBancariaCI\index.php(37): CodeIgniter\CodeIgniter->run()
#9 {main}
CRITICAL - 2022-10-16 18:48:04 --> Call to a member function listErrors() on null
#0 C:\Apache24\htdocs\comunidadBancariaCI\system\View\View.php(210): include()
#1 C:\Apache24\htdocs\comunidadBancariaCI\system\View\View.php(213): CodeIgniter\View\View->CodeIgniter\View\{closure}()
#2 C:\Apache24\htdocs\comunidadBancariaCI\system\Common.php(1089): CodeIgniter\View\View->render()
#3 C:\Apache24\htdocs\comunidadBancariaCI\app\Controllers\ClienteController.php(40): view()
#4 C:\Apache24\htdocs\comunidadBancariaCI\system\CodeIgniter.php(832): App\Controllers\ClienteController->create()
#5 C:\Apache24\htdocs\comunidadBancariaCI\system\CodeIgniter.php(419): CodeIgniter\CodeIgniter->runController()
#6 C:\Apache24\htdocs\comunidadBancariaCI\system\CodeIgniter.php(326): CodeIgniter\CodeIgniter->handleRequest()
#7 C:\Apache24\htdocs\comunidadBancariaCI\index.php(37): CodeIgniter\CodeIgniter->run()
#8 {main}
CRITICAL - 2022-10-16 18:48:27 --> Call to a member function listErrors() on array
#0 C:\Apache24\htdocs\comunidadBancariaCI\system\View\View.php(210): include()
#1 C:\Apache24\htdocs\comunidadBancariaCI\system\View\View.php(213): CodeIgniter\View\View->CodeIgniter\View\{closure}()
#2 C:\Apache24\htdocs\comunidadBancariaCI\system\Common.php(1089): CodeIgniter\View\View->render()
#3 C:\Apache24\htdocs\comunidadBancariaCI\app\Controllers\ClienteController.php(40): view()
#4 C:\Apache24\htdocs\comunidadBancariaCI\system\CodeIgniter.php(832): App\Controllers\ClienteController->create()
#5 C:\Apache24\htdocs\comunidadBancariaCI\system\CodeIgniter.php(419): CodeIgniter\CodeIgniter->runController()
#6 C:\Apache24\htdocs\comunidadBancariaCI\system\CodeIgniter.php(326): CodeIgniter\CodeIgniter->handleRequest()
#7 C:\Apache24\htdocs\comunidadBancariaCI\index.php(37): CodeIgniter\CodeIgniter->run()
#8 {main}
ERROR - 2022-10-16 18:51:21 --> ErrorException: pg_query(): Query failed: ERROR:  la sintaxis de entrada no es válida para tipo integer: «Mathias»
LINE 2: WHERE &quot;id_usuario&quot; IN ('Mathias','426314',1)
                               ^ in C:\Apache24\htdocs\comunidadBancariaCI\system\Database\Postgre\Connection.php:135
Stack trace:
#0 [internal function]: CodeIgniter\Debug\Exceptions->errorHandler()
#1 C:\Apache24\htdocs\comunidadBancariaCI\system\Database\Postgre\Connection.php(135): pg_query()
#2 C:\Apache24\htdocs\comunidadBancariaCI\system\Database\BaseConnection.php(670): CodeIgniter\Database\Postgre\Connection->execute()
#3 C:\Apache24\htdocs\comunidadBancariaCI\system\Database\BaseConnection.php(598): CodeIgniter\Database\BaseConnection->simpleQuery()
#4 C:\Apache24\htdocs\comunidadBancariaCI\system\Database\BaseBuilder.php(2225): CodeIgniter\Database\BaseConnection->query()
#5 C:\Apache24\htdocs\comunidadBancariaCI\system\Database\Postgre\Builder.php(204): CodeIgniter\Database\BaseBuilder->delete()
#6 C:\Apache24\htdocs\comunidadBancariaCI\system\Model.php(359): CodeIgniter\Database\Postgre\Builder->delete()
#7 C:\Apache24\htdocs\comunidadBancariaCI\system\BaseModel.php(963): CodeIgniter\Model->doDelete()
#8 C:\Apache24\htdocs\comunidadBancariaCI\app\Controllers\ClienteController.php(65): CodeIgniter\BaseModel->delete()
#9 C:\Apache24\htdocs\comunidadBancariaCI\system\CodeIgniter.php(832): App\Controllers\ClienteController->create()
#10 C:\Apache24\htdocs\comunidadBancariaCI\system\CodeIgniter.php(419): CodeIgniter\CodeIgniter->runController()
#11 C:\Apache24\htdocs\comunidadBancariaCI\system\CodeIgniter.php(326): CodeIgniter\CodeIgniter->handleRequest()
#12 C:\Apache24\htdocs\comunidadBancariaCI\index.php(37): CodeIgniter\CodeIgniter->run()
#13 {main}
CRITICAL - 2022-10-16 18:51:21 --> pg_query(): Query failed: ERROR:  la sintaxis de entrada no es válida para tipo integer: «Mathias»
LINE 2: WHERE &quot;id_usuario&quot; IN ('Mathias','426314',1)
                               ^
#0 [internal function]: CodeIgniter\Debug\Exceptions->errorHandler()
#1 C:\Apache24\htdocs\comunidadBancariaCI\system\Database\Postgre\Connection.php(135): pg_query()
#2 C:\Apache24\htdocs\comunidadBancariaCI\system\Database\BaseConnection.php(670): CodeIgniter\Database\Postgre\Connection->execute()
#3 C:\Apache24\htdocs\comunidadBancariaCI\system\Database\BaseConnection.php(598): CodeIgniter\Database\BaseConnection->simpleQuery()
#4 C:\Apache24\htdocs\comunidadBancariaCI\system\Database\BaseBuilder.php(2225): CodeIgniter\Database\BaseConnection->query()
#5 C:\Apache24\htdocs\comunidadBancariaCI\system\Database\Postgre\Builder.php(204): CodeIgniter\Database\BaseBuilder->delete()
#6 C:\Apache24\htdocs\comunidadBancariaCI\system\Model.php(359): CodeIgniter\Database\Postgre\Builder->delete()
#7 C:\Apache24\htdocs\comunidadBancariaCI\system\BaseModel.php(963): CodeIgniter\Model->doDelete()
#8 C:\Apache24\htdocs\comunidadBancariaCI\app\Controllers\ClienteController.php(65): CodeIgniter\BaseModel->delete()
#9 C:\Apache24\htdocs\comunidadBancariaCI\system\CodeIgniter.php(832): App\Controllers\ClienteController->create()
#10 C:\Apache24\htdocs\comunidadBancariaCI\system\CodeIgniter.php(419): CodeIgniter\CodeIgniter->runController()
#11 C:\Apache24\htdocs\comunidadBancariaCI\system\CodeIgniter.php(326): CodeIgniter\CodeIgniter->handleRequest()
#12 C:\Apache24\htdocs\comunidadBancariaCI\index.php(37): CodeIgniter\CodeIgniter->run()
#13 {main}
CRITICAL - 2022-10-16 18:56:16 --> Cannot use object of type App\Models\clienteModel as array
#0 C:\Apache24\htdocs\comunidadBancariaCI\system\CodeIgniter.php(832): App\Controllers\ClienteController->update()
#1 C:\Apache24\htdocs\comunidadBancariaCI\system\CodeIgniter.php(419): CodeIgniter\CodeIgniter->runController()
#2 C:\Apache24\htdocs\comunidadBancariaCI\system\CodeIgniter.php(326): CodeIgniter\CodeIgniter->handleRequest()
#3 C:\Apache24\htdocs\comunidadBancariaCI\index.php(37): CodeIgniter\CodeIgniter->run()
#4 {main}
CRITICAL - 2022-10-16 18:56:48 --> Undefined variable: validation
#0 C:\Apache24\htdocs\comunidadBancariaCI\app\Views\clienteView\createClienteView.php(3): CodeIgniter\Debug\Exceptions->errorHandler()
#1 C:\Apache24\htdocs\comunidadBancariaCI\system\View\View.php(210): include('C:\\Apache24\\htd...')
#2 C:\Apache24\htdocs\comunidadBancariaCI\system\View\View.php(213): CodeIgniter\View\View->CodeIgniter\View\{closure}()
#3 C:\Apache24\htdocs\comunidadBancariaCI\system\Common.php(1089): CodeIgniter\View\View->render()
#4 C:\Apache24\htdocs\comunidadBancariaCI\app\Controllers\ClienteController.php(98): view()
#5 C:\Apache24\htdocs\comunidadBancariaCI\system\CodeIgniter.php(832): App\Controllers\ClienteController->update()
#6 C:\Apache24\htdocs\comunidadBancariaCI\system\CodeIgniter.php(419): CodeIgniter\CodeIgniter->runController()
#7 C:\Apache24\htdocs\comunidadBancariaCI\system\CodeIgniter.php(326): CodeIgniter\CodeIgniter->handleRequest()
#8 C:\Apache24\htdocs\comunidadBancariaCI\index.php(37): CodeIgniter\CodeIgniter->run()
#9 {main}
CRITICAL - 2022-10-16 19:00:09 --> Undefined variable: update
#0 C:\Apache24\htdocs\comunidadBancariaCI\app\Views\clienteView\createClienteView.php(6): CodeIgniter\Debug\Exceptions->errorHandler()
#1 C:\Apache24\htdocs\comunidadBancariaCI\system\View\View.php(210): include('C:\\Apache24\\htd...')
#2 C:\Apache24\htdocs\comunidadBancariaCI\system\View\View.php(213): CodeIgniter\View\View->CodeIgniter\View\{closure}()
#3 C:\Apache24\htdocs\comunidadBancariaCI\system\Common.php(1089): CodeIgniter\View\View->render()
#4 C:\Apache24\htdocs\comunidadBancariaCI\app\Controllers\ClienteController.php(40): view()
#5 C:\Apache24\htdocs\comunidadBancariaCI\system\CodeIgniter.php(832): App\Controllers\ClienteController->create()
#6 C:\Apache24\htdocs\comunidadBancariaCI\system\CodeIgniter.php(419): CodeIgniter\CodeIgniter->runController()
#7 C:\Apache24\htdocs\comunidadBancariaCI\system\CodeIgniter.php(326): CodeIgniter\CodeIgniter->handleRequest()
#8 C:\Apache24\htdocs\comunidadBancariaCI\index.php(37): CodeIgniter\CodeIgniter->run()
#9 {main}
CRITICAL - 2022-10-16 19:01:40 --> Too few arguments to function App\Controllers\ClienteController::update(), 0 passed in C:\Apache24\htdocs\comunidadBancariaCI\system\CodeIgniter.php on line 832 and exactly 1 expected
#0 C:\Apache24\htdocs\comunidadBancariaCI\system\CodeIgniter.php(832): App\Controllers\ClienteController->update()
#1 C:\Apache24\htdocs\comunidadBancariaCI\system\CodeIgniter.php(419): CodeIgniter\CodeIgniter->runController()
#2 C:\Apache24\htdocs\comunidadBancariaCI\system\CodeIgniter.php(326): CodeIgniter\CodeIgniter->handleRequest()
#3 C:\Apache24\htdocs\comunidadBancariaCI\index.php(37): CodeIgniter\CodeIgniter->run()
#4 {main}
CRITICAL - 2022-10-16 19:10:23 --> There is no data to update.
#0 C:\Apache24\htdocs\comunidadBancariaCI\system\BaseModel.php(1574): CodeIgniter\Database\Exceptions\DataException::forEmptyDataset()
#1 C:\Apache24\htdocs\comunidadBancariaCI\system\BaseModel.php(832): CodeIgniter\BaseModel->transformDataToArray()
#2 C:\Apache24\htdocs\comunidadBancariaCI\system\Model.php(651): CodeIgniter\BaseModel->update()
#3 C:\Apache24\htdocs\comunidadBancariaCI\app\Controllers\ClienteController.php(127): CodeIgniter\Model->update()
#4 C:\Apache24\htdocs\comunidadBancariaCI\system\CodeIgniter.php(832): App\Controllers\ClienteController->update()
#5 C:\Apache24\htdocs\comunidadBancariaCI\system\CodeIgniter.php(419): CodeIgniter\CodeIgniter->runController()
#6 C:\Apache24\htdocs\comunidadBancariaCI\system\CodeIgniter.php(326): CodeIgniter\CodeIgniter->handleRequest()
#7 C:\Apache24\htdocs\comunidadBancariaCI\index.php(37): CodeIgniter\CodeIgniter->run()
#8 {main}
CRITICAL - 2022-10-16 19:10:56 --> There is no data to update.
#0 C:\Apache24\htdocs\comunidadBancariaCI\system\BaseModel.php(1574): CodeIgniter\Database\Exceptions\DataException::forEmptyDataset()
#1 C:\Apache24\htdocs\comunidadBancariaCI\system\BaseModel.php(832): CodeIgniter\BaseModel->transformDataToArray()
#2 C:\Apache24\htdocs\comunidadBancariaCI\system\Model.php(651): CodeIgniter\BaseModel->update()
#3 C:\Apache24\htdocs\comunidadBancariaCI\app\Controllers\ClienteController.php(127): CodeIgniter\Model->update()
#4 C:\Apache24\htdocs\comunidadBancariaCI\system\CodeIgniter.php(832): App\Controllers\ClienteController->update()
#5 C:\Apache24\htdocs\comunidadBancariaCI\system\CodeIgniter.php(419): CodeIgniter\CodeIgniter->runController()
#6 C:\Apache24\htdocs\comunidadBancariaCI\system\CodeIgniter.php(326): CodeIgniter\CodeIgniter->handleRequest()
#7 C:\Apache24\htdocs\comunidadBancariaCI\index.php(37): CodeIgniter\CodeIgniter->run()
#8 {main}
CRITICAL - 2022-10-16 19:12:44 --> There is no data to update.
#0 C:\Apache24\htdocs\comunidadBancariaCI\system\BaseModel.php(1574): CodeIgniter\Database\Exceptions\DataException::forEmptyDataset()
#1 C:\Apache24\htdocs\comunidadBancariaCI\system\BaseModel.php(832): CodeIgniter\BaseModel->transformDataToArray()
#2 C:\Apache24\htdocs\comunidadBancariaCI\system\Model.php(651): CodeIgniter\BaseModel->update()
#3 C:\Apache24\htdocs\comunidadBancariaCI\app\Controllers\ClienteController.php(128): CodeIgniter\Model->update()
#4 C:\Apache24\htdocs\comunidadBancariaCI\system\CodeIgniter.php(832): App\Controllers\ClienteController->update()
#5 C:\Apache24\htdocs\comunidadBancariaCI\system\CodeIgniter.php(419): CodeIgniter\CodeIgniter->runController()
#6 C:\Apache24\htdocs\comunidadBancariaCI\system\CodeIgniter.php(326): CodeIgniter\CodeIgniter->handleRequest()
#7 C:\Apache24\htdocs\comunidadBancariaCI\index.php(37): CodeIgniter\CodeIgniter->run()
#8 {main}
CRITICAL - 2022-10-16 19:14:02 --> Undefined offset: 0
#0 C:\Apache24\htdocs\comunidadBancariaCI\app\Controllers\ClienteController.php(128): CodeIgniter\Debug\Exceptions->errorHandler()
#1 C:\Apache24\htdocs\comunidadBancariaCI\system\CodeIgniter.php(832): App\Controllers\ClienteController->update()
#2 C:\Apache24\htdocs\comunidadBancariaCI\system\CodeIgniter.php(419): CodeIgniter\CodeIgniter->runController()
#3 C:\Apache24\htdocs\comunidadBancariaCI\system\CodeIgniter.php(326): CodeIgniter\CodeIgniter->handleRequest()
#4 C:\Apache24\htdocs\comunidadBancariaCI\index.php(37): CodeIgniter\CodeIgniter->run()
#5 {main}
CRITICAL - 2022-10-16 19:14:29 --> Undefined offset: 0
#0 C:\Apache24\htdocs\comunidadBancariaCI\app\Controllers\ClienteController.php(121): CodeIgniter\Debug\Exceptions->errorHandler()
#1 C:\Apache24\htdocs\comunidadBancariaCI\system\CodeIgniter.php(832): App\Controllers\ClienteController->update()
#2 C:\Apache24\htdocs\comunidadBancariaCI\system\CodeIgniter.php(419): CodeIgniter\CodeIgniter->runController()
#3 C:\Apache24\htdocs\comunidadBancariaCI\system\CodeIgniter.php(326): CodeIgniter\CodeIgniter->handleRequest()
#4 C:\Apache24\htdocs\comunidadBancariaCI\index.php(37): CodeIgniter\CodeIgniter->run()
#5 {main}
CRITICAL - 2022-10-16 19:15:04 --> Undefined index: id_usuario
#0 C:\Apache24\htdocs\comunidadBancariaCI\app\Controllers\ClienteController.php(121): CodeIgniter\Debug\Exceptions->errorHandler()
#1 C:\Apache24\htdocs\comunidadBancariaCI\system\CodeIgniter.php(832): App\Controllers\ClienteController->update()
#2 C:\Apache24\htdocs\comunidadBancariaCI\system\CodeIgniter.php(419): CodeIgniter\CodeIgniter->runController()
#3 C:\Apache24\htdocs\comunidadBancariaCI\system\CodeIgniter.php(326): CodeIgniter\CodeIgniter->handleRequest()
#4 C:\Apache24\htdocs\comunidadBancariaCI\index.php(37): CodeIgniter\CodeIgniter->run()
#5 {main}
