CRITICAL - 2022-10-24 17:29:34 --> Invalid file: components/header.php
#0 C:\Apache24\htdocs\comunidadBancariaCI\system\View\View.php(198): CodeIgniter\Exceptions\FrameworkException::forInvalidFile()
#1 C:\Apache24\htdocs\comunidadBancariaCI\system\Common.php(1089): CodeIgniter\View\View->render()
#2 C:\Apache24\htdocs\comunidadBancariaCI\app\Controllers\HomeController.php(16): view()
#3 C:\Apache24\htdocs\comunidadBancariaCI\system\CodeIgniter.php(832): App\Controllers\HomeController->index()
#4 C:\Apache24\htdocs\comunidadBancariaCI\system\CodeIgniter.php(419): CodeIgniter\CodeIgniter->runController()
#5 C:\Apache24\htdocs\comunidadBancariaCI\system\CodeIgniter.php(326): CodeIgniter\CodeIgniter->handleRequest()
#6 C:\Apache24\htdocs\comunidadBancariaCI\index.php(37): CodeIgniter\CodeIgniter->run()
#7 {main}
CRITICAL - 2022-10-24 17:46:46 --> Invalid file: components\header.php
#0 C:\Apache24\htdocs\comunidadBancariaCI\system\View\View.php(198): CodeIgniter\Exceptions\FrameworkException::forInvalidFile()
#1 C:\Apache24\htdocs\comunidadBancariaCI\system\Common.php(1089): CodeIgniter\View\View->render()
#2 C:\Apache24\htdocs\comunidadBancariaCI\app\Controllers\UsuarioController.php(24): view()
#3 C:\Apache24\htdocs\comunidadBancariaCI\system\CodeIgniter.php(832): App\Controllers\UsuarioController->index()
#4 C:\Apache24\htdocs\comunidadBancariaCI\system\CodeIgniter.php(419): CodeIgniter\CodeIgniter->runController()
#5 C:\Apache24\htdocs\comunidadBancariaCI\system\CodeIgniter.php(326): CodeIgniter\CodeIgniter->handleRequest()
#6 C:\Apache24\htdocs\comunidadBancariaCI\index.php(37): CodeIgniter\CodeIgniter->run()
#7 {main}
CRITICAL - 2022-10-24 18:03:10 --> Invalid file: components\header.php
#0 C:\Apache24\htdocs\comunidadBancariaCI\system\View\View.php(198): CodeIgniter\Exceptions\FrameworkException::forInvalidFile()
#1 C:\Apache24\htdocs\comunidadBancariaCI\system\Common.php(1089): CodeIgniter\View\View->render()
#2 C:\Apache24\htdocs\comunidadBancariaCI\app\Controllers\CuentaController.php(22): view()
#3 C:\Apache24\htdocs\comunidadBancariaCI\system\CodeIgniter.php(832): App\Controllers\CuentaController->index()
#4 C:\Apache24\htdocs\comunidadBancariaCI\system\CodeIgniter.php(419): CodeIgniter\CodeIgniter->runController()
#5 C:\Apache24\htdocs\comunidadBancariaCI\system\CodeIgniter.php(326): CodeIgniter\CodeIgniter->handleRequest()
#6 C:\Apache24\htdocs\comunidadBancariaCI\index.php(37): CodeIgniter\CodeIgniter->run()
#7 {main}
CRITICAL - 2022-10-24 18:04:45 --> Invalid file: clienteView\createCuentaView.php
#0 C:\Apache24\htdocs\comunidadBancariaCI\system\View\View.php(198): CodeIgniter\Exceptions\FrameworkException::forInvalidFile()
#1 C:\Apache24\htdocs\comunidadBancariaCI\system\Common.php(1089): CodeIgniter\View\View->render()
#2 C:\Apache24\htdocs\comunidadBancariaCI\app\Controllers\CuentaController.php(23): view()
#3 C:\Apache24\htdocs\comunidadBancariaCI\system\CodeIgniter.php(832): App\Controllers\CuentaController->index()
#4 C:\Apache24\htdocs\comunidadBancariaCI\system\CodeIgniter.php(419): CodeIgniter\CodeIgniter->runController()
#5 C:\Apache24\htdocs\comunidadBancariaCI\system\CodeIgniter.php(326): CodeIgniter\CodeIgniter->handleRequest()
#6 C:\Apache24\htdocs\comunidadBancariaCI\index.php(37): CodeIgniter\CodeIgniter->run()
#7 {main}
CRITICAL - 2022-10-24 18:05:01 --> Invalid file: clienteView\createCuentaView.php
#0 C:\Apache24\htdocs\comunidadBancariaCI\system\View\View.php(198): CodeIgniter\Exceptions\FrameworkException::forInvalidFile()
#1 C:\Apache24\htdocs\comunidadBancariaCI\system\Common.php(1089): CodeIgniter\View\View->render()
#2 C:\Apache24\htdocs\comunidadBancariaCI\app\Controllers\CuentaController.php(23): view()
#3 C:\Apache24\htdocs\comunidadBancariaCI\system\CodeIgniter.php(832): App\Controllers\CuentaController->index()
#4 C:\Apache24\htdocs\comunidadBancariaCI\system\CodeIgniter.php(419): CodeIgniter\CodeIgniter->runController()
#5 C:\Apache24\htdocs\comunidadBancariaCI\system\CodeIgniter.php(326): CodeIgniter\CodeIgniter->handleRequest()
#6 C:\Apache24\htdocs\comunidadBancariaCI\index.php(37): CodeIgniter\CodeIgniter->run()
#7 {main}
CRITICAL - 2022-10-24 18:05:07 --> Invalid file: clienteView\createCuentaView.php
#0 C:\Apache24\htdocs\comunidadBancariaCI\system\View\View.php(198): CodeIgniter\Exceptions\FrameworkException::forInvalidFile()
#1 C:\Apache24\htdocs\comunidadBancariaCI\system\Common.php(1089): CodeIgniter\View\View->render()
#2 C:\Apache24\htdocs\comunidadBancariaCI\app\Controllers\CuentaController.php(23): view()
#3 C:\Apache24\htdocs\comunidadBancariaCI\system\CodeIgniter.php(832): App\Controllers\CuentaController->index()
#4 C:\Apache24\htdocs\comunidadBancariaCI\system\CodeIgniter.php(419): CodeIgniter\CodeIgniter->runController()
#5 C:\Apache24\htdocs\comunidadBancariaCI\system\CodeIgniter.php(326): CodeIgniter\CodeIgniter->handleRequest()
#6 C:\Apache24\htdocs\comunidadBancariaCI\index.php(37): CodeIgniter\CodeIgniter->run()
#7 {main}
CRITICAL - 2022-10-24 18:06:03 --> Invalid file: clienteView\createCuentaView.php
#0 C:\Apache24\htdocs\comunidadBancariaCI\system\View\View.php(198): CodeIgniter\Exceptions\FrameworkException::forInvalidFile()
#1 C:\Apache24\htdocs\comunidadBancariaCI\system\Common.php(1089): CodeIgniter\View\View->render()
#2 C:\Apache24\htdocs\comunidadBancariaCI\app\Controllers\CuentaController.php(23): view()
#3 C:\Apache24\htdocs\comunidadBancariaCI\system\CodeIgniter.php(832): App\Controllers\CuentaController->index()
#4 C:\Apache24\htdocs\comunidadBancariaCI\system\CodeIgniter.php(419): CodeIgniter\CodeIgniter->runController()
#5 C:\Apache24\htdocs\comunidadBancariaCI\system\CodeIgniter.php(326): CodeIgniter\CodeIgniter->handleRequest()
#6 C:\Apache24\htdocs\comunidadBancariaCI\index.php(37): CodeIgniter\CodeIgniter->run()
#7 {main}
CRITICAL - 2022-10-24 20:09:41 --> Invalid file: clienteView\createCuentaView.php
#0 C:\Apache24\htdocs\comunidadBancariaCI\system\View\View.php(198): CodeIgniter\Exceptions\FrameworkException::forInvalidFile()
#1 C:\Apache24\htdocs\comunidadBancariaCI\system\Common.php(1089): CodeIgniter\View\View->render()
#2 C:\Apache24\htdocs\comunidadBancariaCI\app\Controllers\CuentaController.php(23): view()
#3 C:\Apache24\htdocs\comunidadBancariaCI\system\CodeIgniter.php(832): App\Controllers\CuentaController->index()
#4 C:\Apache24\htdocs\comunidadBancariaCI\system\CodeIgniter.php(419): CodeIgniter\CodeIgniter->runController()
#5 C:\Apache24\htdocs\comunidadBancariaCI\system\CodeIgniter.php(326): CodeIgniter\CodeIgniter->handleRequest()
#6 C:\Apache24\htdocs\comunidadBancariaCI\index.php(37): CodeIgniter\CodeIgniter->run()
#7 {main}
CRITICAL - 2022-10-24 20:14:36 --> Invalid file: clienteView\createCuentaView.php
#0 C:\Apache24\htdocs\comunidadBancariaCI\system\View\View.php(198): CodeIgniter\Exceptions\FrameworkException::forInvalidFile()
#1 C:\Apache24\htdocs\comunidadBancariaCI\system\Common.php(1089): CodeIgniter\View\View->render()
#2 C:\Apache24\htdocs\comunidadBancariaCI\app\Controllers\CuentaController.php(23): view()
#3 C:\Apache24\htdocs\comunidadBancariaCI\system\CodeIgniter.php(832): App\Controllers\CuentaController->index()
#4 C:\Apache24\htdocs\comunidadBancariaCI\system\CodeIgniter.php(419): CodeIgniter\CodeIgniter->runController()
#5 C:\Apache24\htdocs\comunidadBancariaCI\system\CodeIgniter.php(326): CodeIgniter\CodeIgniter->handleRequest()
#6 C:\Apache24\htdocs\comunidadBancariaCI\index.php(37): CodeIgniter\CodeIgniter->run()
#7 {main}
CRITICAL - 2022-10-24 21:02:26 --> Undefined variable: ids
#0 C:\Apache24\htdocs\comunidadBancariaCI\app\Controllers\ClienteController.php(185): CodeIgniter\Debug\Exceptions->errorHandler()
#1 C:\Apache24\htdocs\comunidadBancariaCI\system\CodeIgniter.php(832): App\Controllers\ClienteController->mostrarClientesSegunBanco()
#2 C:\Apache24\htdocs\comunidadBancariaCI\system\CodeIgniter.php(419): CodeIgniter\CodeIgniter->runController()
#3 C:\Apache24\htdocs\comunidadBancariaCI\system\CodeIgniter.php(326): CodeIgniter\CodeIgniter->handleRequest()
#4 C:\Apache24\htdocs\comunidadBancariaCI\index.php(37): CodeIgniter\CodeIgniter->run()
#5 {main}
