CRITICAL - 2022-10-17 16:02:40 --> Undefined variable: nombre
#0 C:\Apache24\htdocs\comunidadBancariaCI\app\Views\bancoView\createBancoView.php(23): CodeIgniter\Debug\Exceptions->errorHandler()
#1 C:\Apache24\htdocs\comunidadBancariaCI\system\View\View.php(210): include('C:\\Apache24\\htd...')
#2 C:\Apache24\htdocs\comunidadBancariaCI\system\View\View.php(213): CodeIgniter\View\View->CodeIgniter\View\{closure}()
#3 C:\Apache24\htdocs\comunidadBancariaCI\system\Common.php(1089): CodeIgniter\View\View->render()
#4 C:\Apache24\htdocs\comunidadBancariaCI\app\Controllers\BancoController.php(30): view()
#5 C:\Apache24\htdocs\comunidadBancariaCI\system\CodeIgniter.php(832): App\Controllers\BancoController->create()
#6 C:\Apache24\htdocs\comunidadBancariaCI\system\CodeIgniter.php(419): CodeIgniter\CodeIgniter->runController()
#7 C:\Apache24\htdocs\comunidadBancariaCI\system\CodeIgniter.php(326): CodeIgniter\CodeIgniter->handleRequest()
#8 C:\Apache24\htdocs\comunidadBancariaCI\index.php(37): CodeIgniter\CodeIgniter->run()
#9 {main}
CRITICAL - 2022-10-17 16:02:48 --> Undefined variable: nombre
#0 C:\Apache24\htdocs\comunidadBancariaCI\app\Views\bancoView\createBancoView.php(23): CodeIgniter\Debug\Exceptions->errorHandler()
#1 C:\Apache24\htdocs\comunidadBancariaCI\system\View\View.php(210): include('C:\\Apache24\\htd...')
#2 C:\Apache24\htdocs\comunidadBancariaCI\system\View\View.php(213): CodeIgniter\View\View->CodeIgniter\View\{closure}()
#3 C:\Apache24\htdocs\comunidadBancariaCI\system\Common.php(1089): CodeIgniter\View\View->render()
#4 C:\Apache24\htdocs\comunidadBancariaCI\app\Controllers\BancoController.php(30): view()
#5 C:\Apache24\htdocs\comunidadBancariaCI\system\CodeIgniter.php(832): App\Controllers\BancoController->create()
#6 C:\Apache24\htdocs\comunidadBancariaCI\system\CodeIgniter.php(419): CodeIgniter\CodeIgniter->runController()
#7 C:\Apache24\htdocs\comunidadBancariaCI\system\CodeIgniter.php(326): CodeIgniter\CodeIgniter->handleRequest()
#8 C:\Apache24\htdocs\comunidadBancariaCI\index.php(37): CodeIgniter\CodeIgniter->run()
#9 {main}
ERROR - 2022-10-17 16:03:52 --> ErrorException: pg_query(): Query failed: ERROR:  error de sintaxis en o cerca de «)»
LINE 3: WHERE &quot;id_cliente&quot; IN ()
                               ^ in C:\Apache24\htdocs\comunidadBancariaCI\system\Database\Postgre\Connection.php:135
Stack trace:
#0 [internal function]: CodeIgniter\Debug\Exceptions->errorHandler()
#1 C:\Apache24\htdocs\comunidadBancariaCI\system\Database\Postgre\Connection.php(135): pg_query()
#2 C:\Apache24\htdocs\comunidadBancariaCI\system\Database\BaseConnection.php(670): CodeIgniter\Database\Postgre\Connection->execute()
#3 C:\Apache24\htdocs\comunidadBancariaCI\system\Database\BaseConnection.php(598): CodeIgniter\Database\BaseConnection->simpleQuery()
#4 C:\Apache24\htdocs\comunidadBancariaCI\system\Database\BaseBuilder.php(1455): CodeIgniter\Database\BaseConnection->query()
#5 C:\Apache24\htdocs\comunidadBancariaCI\system\Model.php(183): CodeIgniter\Database\BaseBuilder->get()
#6 C:\Apache24\htdocs\comunidadBancariaCI\system\BaseModel.php(584): CodeIgniter\Model->doFindAll()
#7 C:\Apache24\htdocs\comunidadBancariaCI\app\Controllers\ClienteController.php(153): CodeIgniter\BaseModel->findAll()
#8 C:\Apache24\htdocs\comunidadBancariaCI\system\CodeIgniter.php(832): App\Controllers\ClienteController->mostrarClientesSegunBanco()
#9 C:\Apache24\htdocs\comunidadBancariaCI\system\CodeIgniter.php(419): CodeIgniter\CodeIgniter->runController()
#10 C:\Apache24\htdocs\comunidadBancariaCI\system\CodeIgniter.php(326): CodeIgniter\CodeIgniter->handleRequest()
#11 C:\Apache24\htdocs\comunidadBancariaCI\index.php(37): CodeIgniter\CodeIgniter->run()
#12 {main}
CRITICAL - 2022-10-17 16:03:52 --> pg_query(): Query failed: ERROR:  error de sintaxis en o cerca de «)»
LINE 3: WHERE &quot;id_cliente&quot; IN ()
                               ^
#0 [internal function]: CodeIgniter\Debug\Exceptions->errorHandler()
#1 C:\Apache24\htdocs\comunidadBancariaCI\system\Database\Postgre\Connection.php(135): pg_query()
#2 C:\Apache24\htdocs\comunidadBancariaCI\system\Database\BaseConnection.php(670): CodeIgniter\Database\Postgre\Connection->execute()
#3 C:\Apache24\htdocs\comunidadBancariaCI\system\Database\BaseConnection.php(598): CodeIgniter\Database\BaseConnection->simpleQuery()
#4 C:\Apache24\htdocs\comunidadBancariaCI\system\Database\BaseBuilder.php(1455): CodeIgniter\Database\BaseConnection->query()
#5 C:\Apache24\htdocs\comunidadBancariaCI\system\Model.php(183): CodeIgniter\Database\BaseBuilder->get()
#6 C:\Apache24\htdocs\comunidadBancariaCI\system\BaseModel.php(584): CodeIgniter\Model->doFindAll()
#7 C:\Apache24\htdocs\comunidadBancariaCI\app\Controllers\ClienteController.php(153): CodeIgniter\BaseModel->findAll()
#8 C:\Apache24\htdocs\comunidadBancariaCI\system\CodeIgniter.php(832): App\Controllers\ClienteController->mostrarClientesSegunBanco()
#9 C:\Apache24\htdocs\comunidadBancariaCI\system\CodeIgniter.php(419): CodeIgniter\CodeIgniter->runController()
#10 C:\Apache24\htdocs\comunidadBancariaCI\system\CodeIgniter.php(326): CodeIgniter\CodeIgniter->handleRequest()
#11 C:\Apache24\htdocs\comunidadBancariaCI\index.php(37): CodeIgniter\CodeIgniter->run()
#12 {main}
CRITICAL - 2022-10-17 16:05:10 --> Undefined index: usuario
#0 C:\Apache24\htdocs\comunidadBancariaCI\app\Views\cuentaView\createCuentaView.php(33): CodeIgniter\Debug\Exceptions->errorHandler()
#1 C:\Apache24\htdocs\comunidadBancariaCI\system\View\View.php(210): include('C:\\Apache24\\htd...')
#2 C:\Apache24\htdocs\comunidadBancariaCI\system\View\View.php(213): CodeIgniter\View\View->CodeIgniter\View\{closure}()
#3 C:\Apache24\htdocs\comunidadBancariaCI\system\Common.php(1089): CodeIgniter\View\View->render()
#4 C:\Apache24\htdocs\comunidadBancariaCI\app\Controllers\CuentaController.php(46): view()
#5 C:\Apache24\htdocs\comunidadBancariaCI\system\CodeIgniter.php(832): App\Controllers\CuentaController->create()
#6 C:\Apache24\htdocs\comunidadBancariaCI\system\CodeIgniter.php(419): CodeIgniter\CodeIgniter->runController()
#7 C:\Apache24\htdocs\comunidadBancariaCI\system\CodeIgniter.php(326): CodeIgniter\CodeIgniter->handleRequest()
#8 C:\Apache24\htdocs\comunidadBancariaCI\index.php(37): CodeIgniter\CodeIgniter->run()
#9 {main}
CRITICAL - 2022-10-17 16:07:18 --> Array to string conversion
#0 [internal function]: CodeIgniter\Debug\Exceptions->errorHandler()
#1 C:\Apache24\htdocs\comunidadBancariaCI\system\Database\Query.php(312): implode()
#2 C:\Apache24\htdocs\comunidadBancariaCI\system\Database\Query.php(293): CodeIgniter\Database\Query->matchNamedBinds()
#3 C:\Apache24\htdocs\comunidadBancariaCI\system\Database\Query.php(150): CodeIgniter\Database\Query->compileBinds()
#4 C:\Apache24\htdocs\comunidadBancariaCI\system\Database\BaseConnection.php(598): CodeIgniter\Database\Query->getQuery()
#5 C:\Apache24\htdocs\comunidadBancariaCI\system\Database\BaseBuilder.php(1455): CodeIgniter\Database\BaseConnection->query()
#6 C:\Apache24\htdocs\comunidadBancariaCI\system\Model.php(183): CodeIgniter\Database\BaseBuilder->get()
#7 C:\Apache24\htdocs\comunidadBancariaCI\system\BaseModel.php(584): CodeIgniter\Model->doFindAll()
#8 C:\Apache24\htdocs\comunidadBancariaCI\app\Controllers\ClienteController.php(153): CodeIgniter\BaseModel->findAll()
#9 C:\Apache24\htdocs\comunidadBancariaCI\system\CodeIgniter.php(832): App\Controllers\ClienteController->mostrarClientesSegunBanco()
#10 C:\Apache24\htdocs\comunidadBancariaCI\system\CodeIgniter.php(419): CodeIgniter\CodeIgniter->runController()
#11 C:\Apache24\htdocs\comunidadBancariaCI\system\CodeIgniter.php(326): CodeIgniter\CodeIgniter->handleRequest()
#12 C:\Apache24\htdocs\comunidadBancariaCI\index.php(37): CodeIgniter\CodeIgniter->run()
#13 {main}
CRITICAL - 2022-10-17 16:11:56 --> Call to protected method CodeIgniter\Database\Postgre\Connection::execute() from context 'CodeIgniter\Model'
#0 C:\Apache24\htdocs\comunidadBancariaCI\app\Controllers\ClienteController.php(153): CodeIgniter\Model->__call()
#1 C:\Apache24\htdocs\comunidadBancariaCI\system\CodeIgniter.php(832): App\Controllers\ClienteController->mostrarClientesSegunBanco()
#2 C:\Apache24\htdocs\comunidadBancariaCI\system\CodeIgniter.php(419): CodeIgniter\CodeIgniter->runController()
#3 C:\Apache24\htdocs\comunidadBancariaCI\system\CodeIgniter.php(326): CodeIgniter\CodeIgniter->handleRequest()
#4 C:\Apache24\htdocs\comunidadBancariaCI\index.php(37): CodeIgniter\CodeIgniter->run()
#5 {main}
CRITICAL - 2022-10-17 16:12:22 --> Array to string conversion
#0 [internal function]: CodeIgniter\Debug\Exceptions->errorHandler()
#1 C:\Apache24\htdocs\comunidadBancariaCI\system\Database\Query.php(312): implode()
#2 C:\Apache24\htdocs\comunidadBancariaCI\system\Database\Query.php(293): CodeIgniter\Database\Query->matchNamedBinds()
#3 C:\Apache24\htdocs\comunidadBancariaCI\system\Database\Query.php(150): CodeIgniter\Database\Query->compileBinds()
#4 C:\Apache24\htdocs\comunidadBancariaCI\system\Database\BaseConnection.php(598): CodeIgniter\Database\Query->getQuery()
#5 C:\Apache24\htdocs\comunidadBancariaCI\system\Database\BaseBuilder.php(1455): CodeIgniter\Database\BaseConnection->query()
#6 C:\Apache24\htdocs\comunidadBancariaCI\system\Model.php(145): CodeIgniter\Database\BaseBuilder->get()
#7 C:\Apache24\htdocs\comunidadBancariaCI\system\BaseModel.php(523): CodeIgniter\Model->doFind()
#8 C:\Apache24\htdocs\comunidadBancariaCI\app\Controllers\ClienteController.php(153): CodeIgniter\BaseModel->find()
#9 C:\Apache24\htdocs\comunidadBancariaCI\system\CodeIgniter.php(832): App\Controllers\ClienteController->mostrarClientesSegunBanco()
#10 C:\Apache24\htdocs\comunidadBancariaCI\system\CodeIgniter.php(419): CodeIgniter\CodeIgniter->runController()
#11 C:\Apache24\htdocs\comunidadBancariaCI\system\CodeIgniter.php(326): CodeIgniter\CodeIgniter->handleRequest()
#12 C:\Apache24\htdocs\comunidadBancariaCI\index.php(37): CodeIgniter\CodeIgniter->run()
#13 {main}
CRITICAL - 2022-10-17 16:15:14 --> Call to undefined method App\Models\clienteModel::getResult
#0 C:\Apache24\htdocs\comunidadBancariaCI\app\Controllers\ClienteController.php(153): CodeIgniter\Model->__call()
#1 C:\Apache24\htdocs\comunidadBancariaCI\system\CodeIgniter.php(832): App\Controllers\ClienteController->mostrarClientesSegunBanco()
#2 C:\Apache24\htdocs\comunidadBancariaCI\system\CodeIgniter.php(419): CodeIgniter\CodeIgniter->runController()
#3 C:\Apache24\htdocs\comunidadBancariaCI\system\CodeIgniter.php(326): CodeIgniter\CodeIgniter->handleRequest()
#4 C:\Apache24\htdocs\comunidadBancariaCI\index.php(37): CodeIgniter\CodeIgniter->run()
#5 {main}
CRITICAL - 2022-10-17 16:15:31 --> Array to string conversion
#0 [internal function]: CodeIgniter\Debug\Exceptions->errorHandler()
#1 C:\Apache24\htdocs\comunidadBancariaCI\system\Database\Query.php(312): implode()
#2 C:\Apache24\htdocs\comunidadBancariaCI\system\Database\Query.php(293): CodeIgniter\Database\Query->matchNamedBinds()
#3 C:\Apache24\htdocs\comunidadBancariaCI\system\Database\Query.php(150): CodeIgniter\Database\Query->compileBinds()
#4 C:\Apache24\htdocs\comunidadBancariaCI\system\Database\BaseConnection.php(598): CodeIgniter\Database\Query->getQuery()
#5 C:\Apache24\htdocs\comunidadBancariaCI\system\Database\BaseBuilder.php(1455): CodeIgniter\Database\BaseConnection->query()
#6 C:\Apache24\htdocs\comunidadBancariaCI\system\Model.php(183): CodeIgniter\Database\BaseBuilder->get()
#7 C:\Apache24\htdocs\comunidadBancariaCI\system\BaseModel.php(584): CodeIgniter\Model->doFindAll()
#8 C:\Apache24\htdocs\comunidadBancariaCI\app\Controllers\ClienteController.php(153): CodeIgniter\BaseModel->findAll()
#9 C:\Apache24\htdocs\comunidadBancariaCI\system\CodeIgniter.php(832): App\Controllers\ClienteController->mostrarClientesSegunBanco()
#10 C:\Apache24\htdocs\comunidadBancariaCI\system\CodeIgniter.php(419): CodeIgniter\CodeIgniter->runController()
#11 C:\Apache24\htdocs\comunidadBancariaCI\system\CodeIgniter.php(326): CodeIgniter\CodeIgniter->handleRequest()
#12 C:\Apache24\htdocs\comunidadBancariaCI\index.php(37): CodeIgniter\CodeIgniter->run()
#13 {main}
CRITICAL - 2022-10-17 16:18:42 --> Array to string conversion
#0 [internal function]: CodeIgniter\Debug\Exceptions->errorHandler()
#1 C:\Apache24\htdocs\comunidadBancariaCI\system\Database\Query.php(312): implode()
#2 C:\Apache24\htdocs\comunidadBancariaCI\system\Database\Query.php(293): CodeIgniter\Database\Query->matchNamedBinds()
#3 C:\Apache24\htdocs\comunidadBancariaCI\system\Database\Query.php(150): CodeIgniter\Database\Query->compileBinds()
#4 C:\Apache24\htdocs\comunidadBancariaCI\system\Database\BaseConnection.php(598): CodeIgniter\Database\Query->getQuery()
#5 C:\Apache24\htdocs\comunidadBancariaCI\system\Database\BaseBuilder.php(1455): CodeIgniter\Database\BaseConnection->query()
#6 C:\Apache24\htdocs\comunidadBancariaCI\system\Model.php(183): CodeIgniter\Database\BaseBuilder->get()
#7 C:\Apache24\htdocs\comunidadBancariaCI\system\BaseModel.php(584): CodeIgniter\Model->doFindAll()
#8 C:\Apache24\htdocs\comunidadBancariaCI\app\Controllers\ClienteController.php(153): CodeIgniter\BaseModel->findAll()
#9 C:\Apache24\htdocs\comunidadBancariaCI\system\CodeIgniter.php(832): App\Controllers\ClienteController->mostrarClientesSegunBanco()
#10 C:\Apache24\htdocs\comunidadBancariaCI\system\CodeIgniter.php(419): CodeIgniter\CodeIgniter->runController()
#11 C:\Apache24\htdocs\comunidadBancariaCI\system\CodeIgniter.php(326): CodeIgniter\CodeIgniter->handleRequest()
#12 C:\Apache24\htdocs\comunidadBancariaCI\index.php(37): CodeIgniter\CodeIgniter->run()
#13 {main}
CRITICAL - 2022-10-17 16:20:00 --> Call to undefined method App\Models\clienteModel::result
#0 C:\Apache24\htdocs\comunidadBancariaCI\app\Controllers\ClienteController.php(153): CodeIgniter\Model->__call()
#1 C:\Apache24\htdocs\comunidadBancariaCI\system\CodeIgniter.php(832): App\Controllers\ClienteController->mostrarClientesSegunBanco()
#2 C:\Apache24\htdocs\comunidadBancariaCI\system\CodeIgniter.php(419): CodeIgniter\CodeIgniter->runController()
#3 C:\Apache24\htdocs\comunidadBancariaCI\system\CodeIgniter.php(326): CodeIgniter\CodeIgniter->handleRequest()
#4 C:\Apache24\htdocs\comunidadBancariaCI\index.php(37): CodeIgniter\CodeIgniter->run()
#5 {main}
CRITICAL - 2022-10-17 16:25:58 --> Array to string conversion
#0 [internal function]: CodeIgniter\Debug\Exceptions->errorHandler()
#1 C:\Apache24\htdocs\comunidadBancariaCI\system\Database\Query.php(312): implode()
#2 C:\Apache24\htdocs\comunidadBancariaCI\system\Database\Query.php(293): CodeIgniter\Database\Query->matchNamedBinds()
#3 C:\Apache24\htdocs\comunidadBancariaCI\system\Database\Query.php(150): CodeIgniter\Database\Query->compileBinds()
#4 C:\Apache24\htdocs\comunidadBancariaCI\system\Database\BaseConnection.php(598): CodeIgniter\Database\Query->getQuery()
#5 C:\Apache24\htdocs\comunidadBancariaCI\system\Database\BaseBuilder.php(1455): CodeIgniter\Database\BaseConnection->query()
#6 C:\Apache24\htdocs\comunidadBancariaCI\system\Model.php(728): CodeIgniter\Database\BaseBuilder->get()
#7 C:\Apache24\htdocs\comunidadBancariaCI\app\Controllers\ClienteController.php(153): CodeIgniter\Model->__call()
#8 C:\Apache24\htdocs\comunidadBancariaCI\system\CodeIgniter.php(832): App\Controllers\ClienteController->mostrarClientesSegunBanco()
#9 C:\Apache24\htdocs\comunidadBancariaCI\system\CodeIgniter.php(419): CodeIgniter\CodeIgniter->runController()
#10 C:\Apache24\htdocs\comunidadBancariaCI\system\CodeIgniter.php(326): CodeIgniter\CodeIgniter->handleRequest()
#11 C:\Apache24\htdocs\comunidadBancariaCI\index.php(37): CodeIgniter\CodeIgniter->run()
#12 {main}
CRITICAL - 2022-10-17 16:26:08 --> Array to string conversion
#0 [internal function]: CodeIgniter\Debug\Exceptions->errorHandler()
#1 C:\Apache24\htdocs\comunidadBancariaCI\system\Database\Query.php(312): implode()
#2 C:\Apache24\htdocs\comunidadBancariaCI\system\Database\Query.php(293): CodeIgniter\Database\Query->matchNamedBinds()
#3 C:\Apache24\htdocs\comunidadBancariaCI\system\Database\Query.php(150): CodeIgniter\Database\Query->compileBinds()
#4 C:\Apache24\htdocs\comunidadBancariaCI\system\Database\BaseConnection.php(598): CodeIgniter\Database\Query->getQuery()
#5 C:\Apache24\htdocs\comunidadBancariaCI\system\Database\BaseBuilder.php(1455): CodeIgniter\Database\BaseConnection->query()
#6 C:\Apache24\htdocs\comunidadBancariaCI\system\Model.php(728): CodeIgniter\Database\BaseBuilder->get()
#7 C:\Apache24\htdocs\comunidadBancariaCI\app\Controllers\ClienteController.php(153): CodeIgniter\Model->__call()
#8 C:\Apache24\htdocs\comunidadBancariaCI\system\CodeIgniter.php(832): App\Controllers\ClienteController->mostrarClientesSegunBanco()
#9 C:\Apache24\htdocs\comunidadBancariaCI\system\CodeIgniter.php(419): CodeIgniter\CodeIgniter->runController()
#10 C:\Apache24\htdocs\comunidadBancariaCI\system\CodeIgniter.php(326): CodeIgniter\CodeIgniter->handleRequest()
#11 C:\Apache24\htdocs\comunidadBancariaCI\index.php(37): CodeIgniter\CodeIgniter->run()
#12 {main}
CRITICAL - 2022-10-17 16:27:20 --> Call to undefined method App\Models\clienteModel::getResult
#0 C:\Apache24\htdocs\comunidadBancariaCI\app\Controllers\ClienteController.php(153): CodeIgniter\Model->__call()
#1 C:\Apache24\htdocs\comunidadBancariaCI\system\CodeIgniter.php(832): App\Controllers\ClienteController->mostrarClientesSegunBanco()
#2 C:\Apache24\htdocs\comunidadBancariaCI\system\CodeIgniter.php(419): CodeIgniter\CodeIgniter->runController()
#3 C:\Apache24\htdocs\comunidadBancariaCI\system\CodeIgniter.php(326): CodeIgniter\CodeIgniter->handleRequest()
#4 C:\Apache24\htdocs\comunidadBancariaCI\index.php(37): CodeIgniter\CodeIgniter->run()
#5 {main}
CRITICAL - 2022-10-17 16:27:30 --> Array to string conversion
#0 [internal function]: CodeIgniter\Debug\Exceptions->errorHandler()
#1 C:\Apache24\htdocs\comunidadBancariaCI\system\Database\Query.php(312): implode()
#2 C:\Apache24\htdocs\comunidadBancariaCI\system\Database\Query.php(293): CodeIgniter\Database\Query->matchNamedBinds()
#3 C:\Apache24\htdocs\comunidadBancariaCI\system\Database\Query.php(150): CodeIgniter\Database\Query->compileBinds()
#4 C:\Apache24\htdocs\comunidadBancariaCI\system\Database\BaseConnection.php(598): CodeIgniter\Database\Query->getQuery()
#5 C:\Apache24\htdocs\comunidadBancariaCI\system\Database\BaseBuilder.php(1455): CodeIgniter\Database\BaseConnection->query()
#6 C:\Apache24\htdocs\comunidadBancariaCI\system\Model.php(728): CodeIgniter\Database\BaseBuilder->get()
#7 C:\Apache24\htdocs\comunidadBancariaCI\app\Controllers\ClienteController.php(153): CodeIgniter\Model->__call()
#8 C:\Apache24\htdocs\comunidadBancariaCI\system\CodeIgniter.php(832): App\Controllers\ClienteController->mostrarClientesSegunBanco()
#9 C:\Apache24\htdocs\comunidadBancariaCI\system\CodeIgniter.php(419): CodeIgniter\CodeIgniter->runController()
#10 C:\Apache24\htdocs\comunidadBancariaCI\system\CodeIgniter.php(326): CodeIgniter\CodeIgniter->handleRequest()
#11 C:\Apache24\htdocs\comunidadBancariaCI\index.php(37): CodeIgniter\CodeIgniter->run()
#12 {main}
CRITICAL - 2022-10-17 16:30:38 --> Undefined index: id_titular
#0 C:\Apache24\htdocs\comunidadBancariaCI\app\Controllers\ClienteController.php(153): CodeIgniter\Debug\Exceptions->errorHandler()
#1 C:\Apache24\htdocs\comunidadBancariaCI\system\CodeIgniter.php(832): App\Controllers\ClienteController->mostrarClientesSegunBanco()
#2 C:\Apache24\htdocs\comunidadBancariaCI\system\CodeIgniter.php(419): CodeIgniter\CodeIgniter->runController()
#3 C:\Apache24\htdocs\comunidadBancariaCI\system\CodeIgniter.php(326): CodeIgniter\CodeIgniter->handleRequest()
#4 C:\Apache24\htdocs\comunidadBancariaCI\index.php(37): CodeIgniter\CodeIgniter->run()
#5 {main}
CRITICAL - 2022-10-17 16:33:03 --> Cannot use object of type stdClass as array
#0 C:\Apache24\htdocs\comunidadBancariaCI\system\View\View.php(210): include()
#1 C:\Apache24\htdocs\comunidadBancariaCI\system\View\View.php(213): CodeIgniter\View\View->CodeIgniter\View\{closure}()
#2 C:\Apache24\htdocs\comunidadBancariaCI\system\Common.php(1089): CodeIgniter\View\View->render()
#3 C:\Apache24\htdocs\comunidadBancariaCI\app\Controllers\ClienteController.php(158): view()
#4 C:\Apache24\htdocs\comunidadBancariaCI\system\CodeIgniter.php(832): App\Controllers\ClienteController->mostrarClientesSegunBanco()
#5 C:\Apache24\htdocs\comunidadBancariaCI\system\CodeIgniter.php(419): CodeIgniter\CodeIgniter->runController()
#6 C:\Apache24\htdocs\comunidadBancariaCI\system\CodeIgniter.php(326): CodeIgniter\CodeIgniter->handleRequest()
#7 C:\Apache24\htdocs\comunidadBancariaCI\index.php(37): CodeIgniter\CodeIgniter->run()
#8 {main}
CRITICAL - 2022-10-17 16:35:01 --> Undefined index: nombre_apellido
#0 C:\Apache24\htdocs\comunidadBancariaCI\app\Views\clienteView\mostrarClienteView.php(44): CodeIgniter\Debug\Exceptions->errorHandler()
#1 C:\Apache24\htdocs\comunidadBancariaCI\system\View\View.php(210): include('C:\\Apache24\\htd...')
#2 C:\Apache24\htdocs\comunidadBancariaCI\system\View\View.php(213): CodeIgniter\View\View->CodeIgniter\View\{closure}()
#3 C:\Apache24\htdocs\comunidadBancariaCI\system\Common.php(1089): CodeIgniter\View\View->render()
#4 C:\Apache24\htdocs\comunidadBancariaCI\app\Controllers\ClienteController.php(159): view()
#5 C:\Apache24\htdocs\comunidadBancariaCI\system\CodeIgniter.php(832): App\Controllers\ClienteController->mostrarClientesSegunBanco()
#6 C:\Apache24\htdocs\comunidadBancariaCI\system\CodeIgniter.php(419): CodeIgniter\CodeIgniter->runController()
#7 C:\Apache24\htdocs\comunidadBancariaCI\system\CodeIgniter.php(326): CodeIgniter\CodeIgniter->handleRequest()
#8 C:\Apache24\htdocs\comunidadBancariaCI\index.php(37): CodeIgniter\CodeIgniter->run()
#9 {main}
CRITICAL - 2022-10-17 16:35:08 --> Undefined index: nombre_apellido
#0 C:\Apache24\htdocs\comunidadBancariaCI\app\Views\clienteView\mostrarClienteView.php(44): CodeIgniter\Debug\Exceptions->errorHandler()
#1 C:\Apache24\htdocs\comunidadBancariaCI\system\View\View.php(210): include('C:\\Apache24\\htd...')
#2 C:\Apache24\htdocs\comunidadBancariaCI\system\View\View.php(213): CodeIgniter\View\View->CodeIgniter\View\{closure}()
#3 C:\Apache24\htdocs\comunidadBancariaCI\system\Common.php(1089): CodeIgniter\View\View->render()
#4 C:\Apache24\htdocs\comunidadBancariaCI\app\Controllers\ClienteController.php(159): view()
#5 C:\Apache24\htdocs\comunidadBancariaCI\system\CodeIgniter.php(832): App\Controllers\ClienteController->mostrarClientesSegunBanco()
#6 C:\Apache24\htdocs\comunidadBancariaCI\system\CodeIgniter.php(419): CodeIgniter\CodeIgniter->runController()
#7 C:\Apache24\htdocs\comunidadBancariaCI\system\CodeIgniter.php(326): CodeIgniter\CodeIgniter->handleRequest()
#8 C:\Apache24\htdocs\comunidadBancariaCI\index.php(37): CodeIgniter\CodeIgniter->run()
#9 {main}
CRITICAL - 2022-10-17 16:35:31 --> Undefined index: nombre_apellido
#0 C:\Apache24\htdocs\comunidadBancariaCI\app\Views\clienteView\mostrarClienteView.php(44): CodeIgniter\Debug\Exceptions->errorHandler()
#1 C:\Apache24\htdocs\comunidadBancariaCI\system\View\View.php(210): include('C:\\Apache24\\htd...')
#2 C:\Apache24\htdocs\comunidadBancariaCI\system\View\View.php(213): CodeIgniter\View\View->CodeIgniter\View\{closure}()
#3 C:\Apache24\htdocs\comunidadBancariaCI\system\Common.php(1089): CodeIgniter\View\View->render()
#4 C:\Apache24\htdocs\comunidadBancariaCI\app\Controllers\ClienteController.php(160): view()
#5 C:\Apache24\htdocs\comunidadBancariaCI\system\CodeIgniter.php(832): App\Controllers\ClienteController->mostrarClientesSegunBanco()
#6 C:\Apache24\htdocs\comunidadBancariaCI\system\CodeIgniter.php(419): CodeIgniter\CodeIgniter->runController()
#7 C:\Apache24\htdocs\comunidadBancariaCI\system\CodeIgniter.php(326): CodeIgniter\CodeIgniter->handleRequest()
#8 C:\Apache24\htdocs\comunidadBancariaCI\index.php(37): CodeIgniter\CodeIgniter->run()
#9 {main}
CRITICAL - 2022-10-17 16:35:34 --> Undefined index: nombre_apellido
#0 C:\Apache24\htdocs\comunidadBancariaCI\app\Views\clienteView\mostrarClienteView.php(44): CodeIgniter\Debug\Exceptions->errorHandler()
#1 C:\Apache24\htdocs\comunidadBancariaCI\system\View\View.php(210): include('C:\\Apache24\\htd...')
#2 C:\Apache24\htdocs\comunidadBancariaCI\system\View\View.php(213): CodeIgniter\View\View->CodeIgniter\View\{closure}()
#3 C:\Apache24\htdocs\comunidadBancariaCI\system\Common.php(1089): CodeIgniter\View\View->render()
#4 C:\Apache24\htdocs\comunidadBancariaCI\app\Controllers\ClienteController.php(160): view()
#5 C:\Apache24\htdocs\comunidadBancariaCI\system\CodeIgniter.php(832): App\Controllers\ClienteController->mostrarClientesSegunBanco()
#6 C:\Apache24\htdocs\comunidadBancariaCI\system\CodeIgniter.php(419): CodeIgniter\CodeIgniter->runController()
#7 C:\Apache24\htdocs\comunidadBancariaCI\system\CodeIgniter.php(326): CodeIgniter\CodeIgniter->handleRequest()
#8 C:\Apache24\htdocs\comunidadBancariaCI\index.php(37): CodeIgniter\CodeIgniter->run()
#9 {main}
CRITICAL - 2022-10-17 16:39:13 --> Undefined index: nombre_apellido
#0 C:\Apache24\htdocs\comunidadBancariaCI\app\Views\clienteView\mostrarClienteView.php(44): CodeIgniter\Debug\Exceptions->errorHandler()
#1 C:\Apache24\htdocs\comunidadBancariaCI\system\View\View.php(210): include('C:\\Apache24\\htd...')
#2 C:\Apache24\htdocs\comunidadBancariaCI\system\View\View.php(213): CodeIgniter\View\View->CodeIgniter\View\{closure}()
#3 C:\Apache24\htdocs\comunidadBancariaCI\system\Common.php(1089): CodeIgniter\View\View->render()
#4 C:\Apache24\htdocs\comunidadBancariaCI\app\Controllers\ClienteController.php(159): view()
#5 C:\Apache24\htdocs\comunidadBancariaCI\system\CodeIgniter.php(832): App\Controllers\ClienteController->mostrarClientesSegunBanco()
#6 C:\Apache24\htdocs\comunidadBancariaCI\system\CodeIgniter.php(419): CodeIgniter\CodeIgniter->runController()
#7 C:\Apache24\htdocs\comunidadBancariaCI\system\CodeIgniter.php(326): CodeIgniter\CodeIgniter->handleRequest()
#8 C:\Apache24\htdocs\comunidadBancariaCI\index.php(37): CodeIgniter\CodeIgniter->run()
#9 {main}
CRITICAL - 2022-10-17 16:39:18 --> Undefined index: nombre_apellido
#0 C:\Apache24\htdocs\comunidadBancariaCI\app\Views\clienteView\mostrarClienteView.php(44): CodeIgniter\Debug\Exceptions->errorHandler()
#1 C:\Apache24\htdocs\comunidadBancariaCI\system\View\View.php(210): include('C:\\Apache24\\htd...')
#2 C:\Apache24\htdocs\comunidadBancariaCI\system\View\View.php(213): CodeIgniter\View\View->CodeIgniter\View\{closure}()
#3 C:\Apache24\htdocs\comunidadBancariaCI\system\Common.php(1089): CodeIgniter\View\View->render()
#4 C:\Apache24\htdocs\comunidadBancariaCI\app\Controllers\ClienteController.php(159): view()
#5 C:\Apache24\htdocs\comunidadBancariaCI\system\CodeIgniter.php(832): App\Controllers\ClienteController->mostrarClientesSegunBanco()
#6 C:\Apache24\htdocs\comunidadBancariaCI\system\CodeIgniter.php(419): CodeIgniter\CodeIgniter->runController()
#7 C:\Apache24\htdocs\comunidadBancariaCI\system\CodeIgniter.php(326): CodeIgniter\CodeIgniter->handleRequest()
#8 C:\Apache24\htdocs\comunidadBancariaCI\index.php(37): CodeIgniter\CodeIgniter->run()
#9 {main}
CRITICAL - 2022-10-17 16:40:18 --> array_push() expects parameter 1 to be array, null given
#0 [internal function]: CodeIgniter\Debug\Exceptions->errorHandler()
#1 C:\Apache24\htdocs\comunidadBancariaCI\app\Controllers\ClienteController.php(154): array_push()
#2 C:\Apache24\htdocs\comunidadBancariaCI\system\CodeIgniter.php(832): App\Controllers\ClienteController->mostrarClientesSegunBanco()
#3 C:\Apache24\htdocs\comunidadBancariaCI\system\CodeIgniter.php(419): CodeIgniter\CodeIgniter->runController()
#4 C:\Apache24\htdocs\comunidadBancariaCI\system\CodeIgniter.php(326): CodeIgniter\CodeIgniter->handleRequest()
#5 C:\Apache24\htdocs\comunidadBancariaCI\index.php(37): CodeIgniter\CodeIgniter->run()
#6 {main}
CRITICAL - 2022-10-17 16:49:48 --> Undefined variable: i
#0 C:\Apache24\htdocs\comunidadBancariaCI\app\Controllers\ClienteController.php(153): CodeIgniter\Debug\Exceptions->errorHandler()
#1 C:\Apache24\htdocs\comunidadBancariaCI\system\CodeIgniter.php(832): App\Controllers\ClienteController->mostrarClientesSegunBanco()
#2 C:\Apache24\htdocs\comunidadBancariaCI\system\CodeIgniter.php(419): CodeIgniter\CodeIgniter->runController()
#3 C:\Apache24\htdocs\comunidadBancariaCI\system\CodeIgniter.php(326): CodeIgniter\CodeIgniter->handleRequest()
#4 C:\Apache24\htdocs\comunidadBancariaCI\index.php(37): CodeIgniter\CodeIgniter->run()
#5 {main}
CRITICAL - 2022-10-17 16:49:59 --> Array to string conversion
#0 [internal function]: CodeIgniter\Debug\Exceptions->errorHandler()
#1 C:\Apache24\htdocs\comunidadBancariaCI\system\Database\Query.php(312): implode()
#2 C:\Apache24\htdocs\comunidadBancariaCI\system\Database\Query.php(293): CodeIgniter\Database\Query->matchNamedBinds()
#3 C:\Apache24\htdocs\comunidadBancariaCI\system\Database\Query.php(150): CodeIgniter\Database\Query->compileBinds()
#4 C:\Apache24\htdocs\comunidadBancariaCI\system\Database\BaseConnection.php(598): CodeIgniter\Database\Query->getQuery()
#5 C:\Apache24\htdocs\comunidadBancariaCI\system\Database\BaseBuilder.php(1455): CodeIgniter\Database\BaseConnection->query()
#6 C:\Apache24\htdocs\comunidadBancariaCI\system\Model.php(183): CodeIgniter\Database\BaseBuilder->get()
#7 C:\Apache24\htdocs\comunidadBancariaCI\system\BaseModel.php(584): CodeIgniter\Model->doFindAll()
#8 C:\Apache24\htdocs\comunidadBancariaCI\app\Controllers\ClienteController.php(153): CodeIgniter\BaseModel->findAll()
#9 C:\Apache24\htdocs\comunidadBancariaCI\system\CodeIgniter.php(832): App\Controllers\ClienteController->mostrarClientesSegunBanco()
#10 C:\Apache24\htdocs\comunidadBancariaCI\system\CodeIgniter.php(419): CodeIgniter\CodeIgniter->runController()
#11 C:\Apache24\htdocs\comunidadBancariaCI\system\CodeIgniter.php(326): CodeIgniter\CodeIgniter->handleRequest()
#12 C:\Apache24\htdocs\comunidadBancariaCI\index.php(37): CodeIgniter\CodeIgniter->run()
#13 {main}
CRITICAL - 2022-10-17 16:58:15 --> Undefined index: nombre_apellido
#0 C:\Apache24\htdocs\comunidadBancariaCI\app\Views\clienteView\mostrarClienteView.php(44): CodeIgniter\Debug\Exceptions->errorHandler()
#1 C:\Apache24\htdocs\comunidadBancariaCI\system\View\View.php(210): include('C:\\Apache24\\htd...')
#2 C:\Apache24\htdocs\comunidadBancariaCI\system\View\View.php(213): CodeIgniter\View\View->CodeIgniter\View\{closure}()
#3 C:\Apache24\htdocs\comunidadBancariaCI\system\Common.php(1089): CodeIgniter\View\View->render()
#4 C:\Apache24\htdocs\comunidadBancariaCI\app\Controllers\ClienteController.php(159): view()
#5 C:\Apache24\htdocs\comunidadBancariaCI\system\CodeIgniter.php(832): App\Controllers\ClienteController->mostrarClientesSegunBanco()
#6 C:\Apache24\htdocs\comunidadBancariaCI\system\CodeIgniter.php(419): CodeIgniter\CodeIgniter->runController()
#7 C:\Apache24\htdocs\comunidadBancariaCI\system\CodeIgniter.php(326): CodeIgniter\CodeIgniter->handleRequest()
#8 C:\Apache24\htdocs\comunidadBancariaCI\index.php(37): CodeIgniter\CodeIgniter->run()
#9 {main}
CRITICAL - 2022-10-17 16:59:31 --> Undefined index: nombre_apellido
#0 C:\Apache24\htdocs\comunidadBancariaCI\app\Views\clienteView\mostrarClienteView.php(44): CodeIgniter\Debug\Exceptions->errorHandler()
#1 C:\Apache24\htdocs\comunidadBancariaCI\system\View\View.php(210): include('C:\\Apache24\\htd...')
#2 C:\Apache24\htdocs\comunidadBancariaCI\system\View\View.php(213): CodeIgniter\View\View->CodeIgniter\View\{closure}()
#3 C:\Apache24\htdocs\comunidadBancariaCI\system\Common.php(1089): CodeIgniter\View\View->render()
#4 C:\Apache24\htdocs\comunidadBancariaCI\app\Controllers\ClienteController.php(160): view()
#5 C:\Apache24\htdocs\comunidadBancariaCI\system\CodeIgniter.php(832): App\Controllers\ClienteController->mostrarClientesSegunBanco()
#6 C:\Apache24\htdocs\comunidadBancariaCI\system\CodeIgniter.php(419): CodeIgniter\CodeIgniter->runController()
#7 C:\Apache24\htdocs\comunidadBancariaCI\system\CodeIgniter.php(326): CodeIgniter\CodeIgniter->handleRequest()
#8 C:\Apache24\htdocs\comunidadBancariaCI\index.php(37): CodeIgniter\CodeIgniter->run()
#9 {main}
CRITICAL - 2022-10-17 19:19:02 --> Undefined index: tipo_usuario
#0 C:\Apache24\htdocs\comunidadBancariaCI\app\Controllers\BancoController.php(20): CodeIgniter\Debug\Exceptions->errorHandler()
#1 C:\Apache24\htdocs\comunidadBancariaCI\system\CodeIgniter.php(832): App\Controllers\BancoController->create()
#2 C:\Apache24\htdocs\comunidadBancariaCI\system\CodeIgniter.php(419): CodeIgniter\CodeIgniter->runController()
#3 C:\Apache24\htdocs\comunidadBancariaCI\system\CodeIgniter.php(326): CodeIgniter\CodeIgniter->handleRequest()
#4 C:\Apache24\htdocs\comunidadBancariaCI\index.php(37): CodeIgniter\CodeIgniter->run()
#5 {main}
CRITICAL - 2022-10-17 19:21:00 --> Undefined index: tipo_usuario
#0 C:\Apache24\htdocs\comunidadBancariaCI\app\Views\bancoView\mostrarBancoView.php(34): CodeIgniter\Debug\Exceptions->errorHandler()
#1 C:\Apache24\htdocs\comunidadBancariaCI\system\View\View.php(210): include('C:\\Apache24\\htd...')
#2 C:\Apache24\htdocs\comunidadBancariaCI\system\View\View.php(213): CodeIgniter\View\View->CodeIgniter\View\{closure}()
#3 C:\Apache24\htdocs\comunidadBancariaCI\system\Common.php(1089): CodeIgniter\View\View->render()
#4 C:\Apache24\htdocs\comunidadBancariaCI\app\Controllers\BancoController.php(119): view()
#5 C:\Apache24\htdocs\comunidadBancariaCI\system\CodeIgniter.php(832): App\Controllers\BancoController->mostrar()
#6 C:\Apache24\htdocs\comunidadBancariaCI\system\CodeIgniter.php(419): CodeIgniter\CodeIgniter->runController()
#7 C:\Apache24\htdocs\comunidadBancariaCI\system\CodeIgniter.php(326): CodeIgniter\CodeIgniter->handleRequest()
#8 C:\Apache24\htdocs\comunidadBancariaCI\index.php(37): CodeIgniter\CodeIgniter->run()
#9 {main}
CRITICAL - 2022-10-17 19:27:48 --> Undefined index: usuario
#0 C:\Apache24\htdocs\comunidadBancariaCI\app\Views\cuentaView\createCuentaView.php(33): CodeIgniter\Debug\Exceptions->errorHandler()
#1 C:\Apache24\htdocs\comunidadBancariaCI\system\View\View.php(210): include('C:\\Apache24\\htd...')
#2 C:\Apache24\htdocs\comunidadBancariaCI\system\View\View.php(213): CodeIgniter\View\View->CodeIgniter\View\{closure}()
#3 C:\Apache24\htdocs\comunidadBancariaCI\system\Common.php(1089): CodeIgniter\View\View->render()
#4 C:\Apache24\htdocs\comunidadBancariaCI\app\Controllers\CuentaController.php(46): view()
#5 C:\Apache24\htdocs\comunidadBancariaCI\system\CodeIgniter.php(832): App\Controllers\CuentaController->create()
#6 C:\Apache24\htdocs\comunidadBancariaCI\system\CodeIgniter.php(419): CodeIgniter\CodeIgniter->runController()
#7 C:\Apache24\htdocs\comunidadBancariaCI\system\CodeIgniter.php(326): CodeIgniter\CodeIgniter->handleRequest()
#8 C:\Apache24\htdocs\comunidadBancariaCI\index.php(37): CodeIgniter\CodeIgniter->run()
#9 {main}
