CRITICAL - 2022-10-15 16:26:16 --> include(../components/navbar.php): failed to open stream: No such file or directory
#0 C:\Apache24\htdocs\Ejercicio_4\app\Views\clienteView\createClienteView.php(14): CodeIgniter\Debug\Exceptions->errorHandler()
#1 C:\Apache24\htdocs\Ejercicio_4\app\Views\clienteView\createClienteView.php(14): include()
#2 C:\Apache24\htdocs\Ejercicio_4\system\View\View.php(210): include('C:\\Apache24\\htd...')
#3 C:\Apache24\htdocs\Ejercicio_4\system\View\View.php(213): CodeIgniter\View\View->CodeIgniter\View\{closure}()
#4 C:\Apache24\htdocs\Ejercicio_4\system\Common.php(1089): CodeIgniter\View\View->render()
#5 C:\Apache24\htdocs\Ejercicio_4\app\Controllers\Form.php(47): view()
#6 C:\Apache24\htdocs\Ejercicio_4\system\CodeIgniter.php(832): App\Controllers\Form->index()
#7 C:\Apache24\htdocs\Ejercicio_4\system\CodeIgniter.php(419): CodeIgniter\CodeIgniter->runController()
#8 C:\Apache24\htdocs\Ejercicio_4\system\CodeIgniter.php(326): CodeIgniter\CodeIgniter->handleRequest()
#9 C:\Apache24\htdocs\Ejercicio_4\index.php(37): CodeIgniter\CodeIgniter->run()
#10 {main}
CRITICAL - 2022-10-15 16:26:52 --> include(../components/navbar.php): failed to open stream: No such file or directory
#0 C:\Apache24\htdocs\Ejercicio_4\app\Views\clienteView\createClienteView.php(14): CodeIgniter\Debug\Exceptions->errorHandler()
#1 C:\Apache24\htdocs\Ejercicio_4\app\Views\clienteView\createClienteView.php(14): include()
#2 C:\Apache24\htdocs\Ejercicio_4\system\View\View.php(210): include('C:\\Apache24\\htd...')
#3 C:\Apache24\htdocs\Ejercicio_4\system\View\View.php(213): CodeIgniter\View\View->CodeIgniter\View\{closure}()
#4 C:\Apache24\htdocs\Ejercicio_4\system\Common.php(1089): CodeIgniter\View\View->render()
#5 C:\Apache24\htdocs\Ejercicio_4\app\Controllers\Form.php(47): view()
#6 C:\Apache24\htdocs\Ejercicio_4\system\CodeIgniter.php(832): App\Controllers\Form->index()
#7 C:\Apache24\htdocs\Ejercicio_4\system\CodeIgniter.php(419): CodeIgniter\CodeIgniter->runController()
#8 C:\Apache24\htdocs\Ejercicio_4\system\CodeIgniter.php(326): CodeIgniter\CodeIgniter->handleRequest()
#9 C:\Apache24\htdocs\Ejercicio_4\index.php(37): CodeIgniter\CodeIgniter->run()
#10 {main}
CRITICAL - 2022-10-15 16:26:55 --> include(../components/navbar.php): failed to open stream: No such file or directory
#0 C:\Apache24\htdocs\Ejercicio_4\app\Views\clienteView\createClienteView.php(14): CodeIgniter\Debug\Exceptions->errorHandler()
#1 C:\Apache24\htdocs\Ejercicio_4\app\Views\clienteView\createClienteView.php(14): include()
#2 C:\Apache24\htdocs\Ejercicio_4\system\View\View.php(210): include('C:\\Apache24\\htd...')
#3 C:\Apache24\htdocs\Ejercicio_4\system\View\View.php(213): CodeIgniter\View\View->CodeIgniter\View\{closure}()
#4 C:\Apache24\htdocs\Ejercicio_4\system\Common.php(1089): CodeIgniter\View\View->render()
#5 C:\Apache24\htdocs\Ejercicio_4\app\Controllers\Form.php(47): view()
#6 C:\Apache24\htdocs\Ejercicio_4\system\CodeIgniter.php(832): App\Controllers\Form->index()
#7 C:\Apache24\htdocs\Ejercicio_4\system\CodeIgniter.php(419): CodeIgniter\CodeIgniter->runController()
#8 C:\Apache24\htdocs\Ejercicio_4\system\CodeIgniter.php(326): CodeIgniter\CodeIgniter->handleRequest()
#9 C:\Apache24\htdocs\Ejercicio_4\index.php(37): CodeIgniter\CodeIgniter->run()
#10 {main}
CRITICAL - 2022-10-15 16:27:19 --> Undefined variable: validation
#0 C:\Apache24\htdocs\Ejercicio_4\app\Views\clienteView\createClienteView.php(49): CodeIgniter\Debug\Exceptions->errorHandler()
#1 C:\Apache24\htdocs\Ejercicio_4\system\View\View.php(210): include('C:\\Apache24\\htd...')
#2 C:\Apache24\htdocs\Ejercicio_4\system\View\View.php(213): CodeIgniter\View\View->CodeIgniter\View\{closure}()
#3 C:\Apache24\htdocs\Ejercicio_4\system\Common.php(1089): CodeIgniter\View\View->render()
#4 C:\Apache24\htdocs\Ejercicio_4\app\Controllers\Form.php(47): view()
#5 C:\Apache24\htdocs\Ejercicio_4\system\CodeIgniter.php(832): App\Controllers\Form->index()
#6 C:\Apache24\htdocs\Ejercicio_4\system\CodeIgniter.php(419): CodeIgniter\CodeIgniter->runController()
#7 C:\Apache24\htdocs\Ejercicio_4\system\CodeIgniter.php(326): CodeIgniter\CodeIgniter->handleRequest()
#8 C:\Apache24\htdocs\Ejercicio_4\index.php(37): CodeIgniter\CodeIgniter->run()
#9 {main}
CRITICAL - 2022-10-15 16:33:17 --> include(../components/navbar.php): failed to open stream: No such file or directory
#0 C:\Apache24\htdocs\Ejercicio_4\app\Views\clienteView\createClienteView.php(14): CodeIgniter\Debug\Exceptions->errorHandler()
#1 C:\Apache24\htdocs\Ejercicio_4\app\Views\clienteView\createClienteView.php(14): include()
#2 C:\Apache24\htdocs\Ejercicio_4\system\View\View.php(210): include('C:\\Apache24\\htd...')
#3 C:\Apache24\htdocs\Ejercicio_4\system\View\View.php(213): CodeIgniter\View\View->CodeIgniter\View\{closure}()
#4 C:\Apache24\htdocs\Ejercicio_4\system\Common.php(1089): CodeIgniter\View\View->render()
#5 C:\Apache24\htdocs\Ejercicio_4\app\Controllers\Form.php(47): view()
#6 C:\Apache24\htdocs\Ejercicio_4\system\CodeIgniter.php(832): App\Controllers\Form->index()
#7 C:\Apache24\htdocs\Ejercicio_4\system\CodeIgniter.php(419): CodeIgniter\CodeIgniter->runController()
#8 C:\Apache24\htdocs\Ejercicio_4\system\CodeIgniter.php(326): CodeIgniter\CodeIgniter->handleRequest()
#9 C:\Apache24\htdocs\Ejercicio_4\index.php(37): CodeIgniter\CodeIgniter->run()
#10 {main}
CRITICAL - 2022-10-15 16:33:52 --> include(../Views/components/navbar.php): failed to open stream: No such file or directory
#0 C:\Apache24\htdocs\Ejercicio_4\app\Views\clienteView\createClienteView.php(14): CodeIgniter\Debug\Exceptions->errorHandler()
#1 C:\Apache24\htdocs\Ejercicio_4\app\Views\clienteView\createClienteView.php(14): include()
#2 C:\Apache24\htdocs\Ejercicio_4\system\View\View.php(210): include('C:\\Apache24\\htd...')
#3 C:\Apache24\htdocs\Ejercicio_4\system\View\View.php(213): CodeIgniter\View\View->CodeIgniter\View\{closure}()
#4 C:\Apache24\htdocs\Ejercicio_4\system\Common.php(1089): CodeIgniter\View\View->render()
#5 C:\Apache24\htdocs\Ejercicio_4\app\Controllers\Form.php(47): view()
#6 C:\Apache24\htdocs\Ejercicio_4\system\CodeIgniter.php(832): App\Controllers\Form->index()
#7 C:\Apache24\htdocs\Ejercicio_4\system\CodeIgniter.php(419): CodeIgniter\CodeIgniter->runController()
#8 C:\Apache24\htdocs\Ejercicio_4\system\CodeIgniter.php(326): CodeIgniter\CodeIgniter->handleRequest()
#9 C:\Apache24\htdocs\Ejercicio_4\index.php(37): CodeIgniter\CodeIgniter->run()
#10 {main}
CRITICAL - 2022-10-15 16:33:55 --> include(../Views/components/navbar.php): failed to open stream: No such file or directory
#0 C:\Apache24\htdocs\Ejercicio_4\app\Views\clienteView\createClienteView.php(14): CodeIgniter\Debug\Exceptions->errorHandler()
#1 C:\Apache24\htdocs\Ejercicio_4\app\Views\clienteView\createClienteView.php(14): include()
#2 C:\Apache24\htdocs\Ejercicio_4\system\View\View.php(210): include('C:\\Apache24\\htd...')
#3 C:\Apache24\htdocs\Ejercicio_4\system\View\View.php(213): CodeIgniter\View\View->CodeIgniter\View\{closure}()
#4 C:\Apache24\htdocs\Ejercicio_4\system\Common.php(1089): CodeIgniter\View\View->render()
#5 C:\Apache24\htdocs\Ejercicio_4\app\Controllers\Form.php(47): view()
#6 C:\Apache24\htdocs\Ejercicio_4\system\CodeIgniter.php(832): App\Controllers\Form->index()
#7 C:\Apache24\htdocs\Ejercicio_4\system\CodeIgniter.php(419): CodeIgniter\CodeIgniter->runController()
#8 C:\Apache24\htdocs\Ejercicio_4\system\CodeIgniter.php(326): CodeIgniter\CodeIgniter->handleRequest()
#9 C:\Apache24\htdocs\Ejercicio_4\index.php(37): CodeIgniter\CodeIgniter->run()
#10 {main}
CRITICAL - 2022-10-15 16:34:20 --> include(./Views/components/navbar.php): failed to open stream: No such file or directory
#0 C:\Apache24\htdocs\Ejercicio_4\app\Views\clienteView\createClienteView.php(14): CodeIgniter\Debug\Exceptions->errorHandler()
#1 C:\Apache24\htdocs\Ejercicio_4\app\Views\clienteView\createClienteView.php(14): include()
#2 C:\Apache24\htdocs\Ejercicio_4\system\View\View.php(210): include('C:\\Apache24\\htd...')
#3 C:\Apache24\htdocs\Ejercicio_4\system\View\View.php(213): CodeIgniter\View\View->CodeIgniter\View\{closure}()
#4 C:\Apache24\htdocs\Ejercicio_4\system\Common.php(1089): CodeIgniter\View\View->render()
#5 C:\Apache24\htdocs\Ejercicio_4\app\Controllers\Form.php(47): view()
#6 C:\Apache24\htdocs\Ejercicio_4\system\CodeIgniter.php(832): App\Controllers\Form->index()
#7 C:\Apache24\htdocs\Ejercicio_4\system\CodeIgniter.php(419): CodeIgniter\CodeIgniter->runController()
#8 C:\Apache24\htdocs\Ejercicio_4\system\CodeIgniter.php(326): CodeIgniter\CodeIgniter->handleRequest()
#9 C:\Apache24\htdocs\Ejercicio_4\index.php(37): CodeIgniter\CodeIgniter->run()
#10 {main}
CRITICAL - 2022-10-15 17:37:14 --> Call to undefined function form_open()
#0 C:\Apache24\htdocs\Ejercicio_4\system\View\View.php(210): include()
#1 C:\Apache24\htdocs\Ejercicio_4\system\View\View.php(213): CodeIgniter\View\View->CodeIgniter\View\{closure}()
#2 C:\Apache24\htdocs\Ejercicio_4\system\Common.php(1089): CodeIgniter\View\View->render()
#3 C:\Apache24\htdocs\Ejercicio_4\app\Controllers\FormController.php(16): view()
#4 C:\Apache24\htdocs\Ejercicio_4\system\CodeIgniter.php(832): App\Controllers\FormController->index()
#5 C:\Apache24\htdocs\Ejercicio_4\system\CodeIgniter.php(419): CodeIgniter\CodeIgniter->runController()
#6 C:\Apache24\htdocs\Ejercicio_4\system\CodeIgniter.php(326): CodeIgniter\CodeIgniter->handleRequest()
#7 C:\Apache24\htdocs\Ejercicio_4\index.php(37): CodeIgniter\CodeIgniter->run()
#8 {main}
CRITICAL - 2022-10-15 17:38:52 --> Call to undefined function form_open()
#0 C:\Apache24\htdocs\Ejercicio_4\system\View\View.php(210): include()
#1 C:\Apache24\htdocs\Ejercicio_4\system\View\View.php(213): CodeIgniter\View\View->CodeIgniter\View\{closure}()
#2 C:\Apache24\htdocs\Ejercicio_4\system\Common.php(1089): CodeIgniter\View\View->render()
#3 C:\Apache24\htdocs\Ejercicio_4\app\Controllers\FormController.php(16): view()
#4 C:\Apache24\htdocs\Ejercicio_4\system\CodeIgniter.php(832): App\Controllers\FormController->index()
#5 C:\Apache24\htdocs\Ejercicio_4\system\CodeIgniter.php(419): CodeIgniter\CodeIgniter->runController()
#6 C:\Apache24\htdocs\Ejercicio_4\system\CodeIgniter.php(326): CodeIgniter\CodeIgniter->handleRequest()
#7 C:\Apache24\htdocs\Ejercicio_4\index.php(37): CodeIgniter\CodeIgniter->run()
#8 {main}
CRITICAL - 2022-10-15 17:38:53 --> Call to undefined function form_open()
#0 C:\Apache24\htdocs\Ejercicio_4\system\View\View.php(210): include()
#1 C:\Apache24\htdocs\Ejercicio_4\system\View\View.php(213): CodeIgniter\View\View->CodeIgniter\View\{closure}()
#2 C:\Apache24\htdocs\Ejercicio_4\system\Common.php(1089): CodeIgniter\View\View->render()
#3 C:\Apache24\htdocs\Ejercicio_4\app\Controllers\FormController.php(16): view()
#4 C:\Apache24\htdocs\Ejercicio_4\system\CodeIgniter.php(832): App\Controllers\FormController->index()
#5 C:\Apache24\htdocs\Ejercicio_4\system\CodeIgniter.php(419): CodeIgniter\CodeIgniter->runController()
#6 C:\Apache24\htdocs\Ejercicio_4\system\CodeIgniter.php(326): CodeIgniter\CodeIgniter->handleRequest()
#7 C:\Apache24\htdocs\Ejercicio_4\index.php(37): CodeIgniter\CodeIgniter->run()
#8 {main}
CRITICAL - 2022-10-15 17:38:56 --> Call to undefined function form_open()
#0 C:\Apache24\htdocs\Ejercicio_4\system\View\View.php(210): include()
#1 C:\Apache24\htdocs\Ejercicio_4\system\View\View.php(213): CodeIgniter\View\View->CodeIgniter\View\{closure}()
#2 C:\Apache24\htdocs\Ejercicio_4\system\Common.php(1089): CodeIgniter\View\View->render()
#3 C:\Apache24\htdocs\Ejercicio_4\app\Controllers\FormController.php(16): view()
#4 C:\Apache24\htdocs\Ejercicio_4\system\CodeIgniter.php(832): App\Controllers\FormController->index()
#5 C:\Apache24\htdocs\Ejercicio_4\system\CodeIgniter.php(419): CodeIgniter\CodeIgniter->runController()
#6 C:\Apache24\htdocs\Ejercicio_4\system\CodeIgniter.php(326): CodeIgniter\CodeIgniter->handleRequest()
#7 C:\Apache24\htdocs\Ejercicio_4\index.php(37): CodeIgniter\CodeIgniter->run()
#8 {main}
ERROR - 2022-10-15 18:57:26 --> Error connecting to the database: pg_connect(): Unable to connect to PostgreSQL server: received invalid response to SSL negotiation: U
CRITICAL - 2022-10-15 18:57:26 --> Unable to connect to the database.
Main connection [Postgre]: pg_connect(): Unable to connect to PostgreSQL server: received invalid response to SSL negotiation: U
#0 C:\Apache24\htdocs\Ejercicio_4\system\Database\BaseConnection.php(577): CodeIgniter\Database\BaseConnection->initialize()
#1 C:\Apache24\htdocs\Ejercicio_4\system\Database\BaseBuilder.php(1455): CodeIgniter\Database\BaseConnection->query()
#2 C:\Apache24\htdocs\Ejercicio_4\system\Model.php(183): CodeIgniter\Database\BaseBuilder->get()
#3 C:\Apache24\htdocs\Ejercicio_4\system\BaseModel.php(584): CodeIgniter\Model->doFindAll()
#4 C:\Apache24\htdocs\Ejercicio_4\app\Controllers\Form.php(48): CodeIgniter\BaseModel->findAll()
#5 C:\Apache24\htdocs\Ejercicio_4\system\CodeIgniter.php(832): App\Controllers\Form->index()
#6 C:\Apache24\htdocs\Ejercicio_4\system\CodeIgniter.php(419): CodeIgniter\CodeIgniter->runController()
#7 C:\Apache24\htdocs\Ejercicio_4\system\CodeIgniter.php(326): CodeIgniter\CodeIgniter->handleRequest()
#8 C:\Apache24\htdocs\Ejercicio_4\index.php(37): CodeIgniter\CodeIgniter->run()
#9 {main}
ERROR - 2022-10-15 18:57:47 --> Error connecting to the database: pg_connect(): Unable to connect to PostgreSQL server: received invalid response to SSL negotiation: U
CRITICAL - 2022-10-15 18:57:47 --> Unable to connect to the database.
Main connection [Postgre]: pg_connect(): Unable to connect to PostgreSQL server: received invalid response to SSL negotiation: U
#0 C:\Apache24\htdocs\Ejercicio_4\system\Database\BaseConnection.php(577): CodeIgniter\Database\BaseConnection->initialize()
#1 C:\Apache24\htdocs\Ejercicio_4\system\Database\BaseBuilder.php(1455): CodeIgniter\Database\BaseConnection->query()
#2 C:\Apache24\htdocs\Ejercicio_4\system\Model.php(183): CodeIgniter\Database\BaseBuilder->get()
#3 C:\Apache24\htdocs\Ejercicio_4\system\BaseModel.php(584): CodeIgniter\Model->doFindAll()
#4 C:\Apache24\htdocs\Ejercicio_4\app\Controllers\Form.php(47): CodeIgniter\BaseModel->findAll()
#5 C:\Apache24\htdocs\Ejercicio_4\system\CodeIgniter.php(832): App\Controllers\Form->index()
#6 C:\Apache24\htdocs\Ejercicio_4\system\CodeIgniter.php(419): CodeIgniter\CodeIgniter->runController()
#7 C:\Apache24\htdocs\Ejercicio_4\system\CodeIgniter.php(326): CodeIgniter\CodeIgniter->handleRequest()
#8 C:\Apache24\htdocs\Ejercicio_4\index.php(37): CodeIgniter\CodeIgniter->run()
#9 {main}
ERROR - 2022-10-15 18:59:00 --> Error connecting to the database: pg_connect(): Unable to connect to PostgreSQL server: received invalid response to SSL negotiation: U
CRITICAL - 2022-10-15 18:59:00 --> Unable to connect to the database.
Main connection [Postgre]: pg_connect(): Unable to connect to PostgreSQL server: received invalid response to SSL negotiation: U
#0 C:\Apache24\htdocs\Ejercicio_4\system\Database\BaseConnection.php(577): CodeIgniter\Database\BaseConnection->initialize()
#1 C:\Apache24\htdocs\Ejercicio_4\system\Database\BaseBuilder.php(1771): CodeIgniter\Database\BaseConnection->query()
#2 C:\Apache24\htdocs\Ejercicio_4\system\Model.php(239): CodeIgniter\Database\BaseBuilder->insert()
#3 C:\Apache24\htdocs\Ejercicio_4\system\BaseModel.php(738): CodeIgniter\Model->doInsert()
#4 C:\Apache24\htdocs\Ejercicio_4\system\Model.php(625): CodeIgniter\BaseModel->insert()
#5 C:\Apache24\htdocs\Ejercicio_4\app\Controllers\Form.php(41): CodeIgniter\Model->insert()
#6 C:\Apache24\htdocs\Ejercicio_4\system\CodeIgniter.php(832): App\Controllers\Form->index()
#7 C:\Apache24\htdocs\Ejercicio_4\system\CodeIgniter.php(419): CodeIgniter\CodeIgniter->runController()
#8 C:\Apache24\htdocs\Ejercicio_4\system\CodeIgniter.php(326): CodeIgniter\CodeIgniter->handleRequest()
#9 C:\Apache24\htdocs\Ejercicio_4\index.php(37): CodeIgniter\CodeIgniter->run()
#10 {main}
ERROR - 2022-10-15 19:06:57 --> Error connecting to the database: pg_connect(): Unable to connect to PostgreSQL server: received invalid response to SSL negotiation: U
CRITICAL - 2022-10-15 19:06:57 --> Unable to connect to the database.
Main connection [Postgre]: pg_connect(): Unable to connect to PostgreSQL server: received invalid response to SSL negotiation: U
#0 C:\Apache24\htdocs\Ejercicio_4\system\Database\BaseConnection.php(577): CodeIgniter\Database\BaseConnection->initialize()
#1 C:\Apache24\htdocs\Ejercicio_4\system\Database\BaseBuilder.php(1771): CodeIgniter\Database\BaseConnection->query()
#2 C:\Apache24\htdocs\Ejercicio_4\system\Model.php(239): CodeIgniter\Database\BaseBuilder->insert()
#3 C:\Apache24\htdocs\Ejercicio_4\system\BaseModel.php(738): CodeIgniter\Model->doInsert()
#4 C:\Apache24\htdocs\Ejercicio_4\system\Model.php(625): CodeIgniter\BaseModel->insert()
#5 C:\Apache24\htdocs\Ejercicio_4\app\Controllers\Form.php(41): CodeIgniter\Model->insert()
#6 C:\Apache24\htdocs\Ejercicio_4\system\CodeIgniter.php(832): App\Controllers\Form->index()
#7 C:\Apache24\htdocs\Ejercicio_4\system\CodeIgniter.php(419): CodeIgniter\CodeIgniter->runController()
#8 C:\Apache24\htdocs\Ejercicio_4\system\CodeIgniter.php(326): CodeIgniter\CodeIgniter->handleRequest()
#9 C:\Apache24\htdocs\Ejercicio_4\index.php(37): CodeIgniter\CodeIgniter->run()
#10 {main}
ERROR - 2022-10-15 19:10:18 --> Error connecting to the database: pg_connect(): Unable to connect to PostgreSQL server: received invalid response to SSL negotiation: U
CRITICAL - 2022-10-15 19:10:18 --> Unable to connect to the database.
Main connection [Postgre]: pg_connect(): Unable to connect to PostgreSQL server: received invalid response to SSL negotiation: U
#0 C:\Apache24\htdocs\Ejercicio_4\system\Database\BaseConnection.php(577): CodeIgniter\Database\BaseConnection->initialize()
#1 C:\Apache24\htdocs\Ejercicio_4\system\Database\BaseBuilder.php(1771): CodeIgniter\Database\BaseConnection->query()
#2 C:\Apache24\htdocs\Ejercicio_4\system\Model.php(239): CodeIgniter\Database\BaseBuilder->insert()
#3 C:\Apache24\htdocs\Ejercicio_4\system\BaseModel.php(738): CodeIgniter\Model->doInsert()
#4 C:\Apache24\htdocs\Ejercicio_4\system\Model.php(625): CodeIgniter\BaseModel->insert()
#5 C:\Apache24\htdocs\Ejercicio_4\app\Controllers\Form.php(41): CodeIgniter\Model->insert()
#6 C:\Apache24\htdocs\Ejercicio_4\system\CodeIgniter.php(832): App\Controllers\Form->index()
#7 C:\Apache24\htdocs\Ejercicio_4\system\CodeIgniter.php(419): CodeIgniter\CodeIgniter->runController()
#8 C:\Apache24\htdocs\Ejercicio_4\system\CodeIgniter.php(326): CodeIgniter\CodeIgniter->handleRequest()
#9 C:\Apache24\htdocs\Ejercicio_4\index.php(37): CodeIgniter\CodeIgniter->run()
#10 {main}
ERROR - 2022-10-15 19:36:06 --> Error connecting to the database: pg_connect(): Unable to connect to PostgreSQL server: FATAL:  la autentificación password falló para el usuario «adm_comunidadBancaria»
CRITICAL - 2022-10-15 19:36:06 --> Unable to connect to the database.
Main connection [Postgre]: pg_connect(): Unable to connect to PostgreSQL server: FATAL:  la autentificación password falló para el usuario «adm_comunidadBancaria»
#0 C:\Apache24\htdocs\Ejercicio_4\system\Database\BaseConnection.php(577): CodeIgniter\Database\BaseConnection->initialize()
#1 C:\Apache24\htdocs\Ejercicio_4\system\Database\BaseBuilder.php(1455): CodeIgniter\Database\BaseConnection->query()
#2 C:\Apache24\htdocs\Ejercicio_4\system\Model.php(183): CodeIgniter\Database\BaseBuilder->get()
#3 C:\Apache24\htdocs\Ejercicio_4\system\BaseModel.php(584): CodeIgniter\Model->doFindAll()
#4 C:\Apache24\htdocs\Ejercicio_4\app\Controllers\Form.php(47): CodeIgniter\BaseModel->findAll()
#5 C:\Apache24\htdocs\Ejercicio_4\system\CodeIgniter.php(832): App\Controllers\Form->index()
#6 C:\Apache24\htdocs\Ejercicio_4\system\CodeIgniter.php(419): CodeIgniter\CodeIgniter->runController()
#7 C:\Apache24\htdocs\Ejercicio_4\system\CodeIgniter.php(326): CodeIgniter\CodeIgniter->handleRequest()
#8 C:\Apache24\htdocs\Ejercicio_4\index.php(37): CodeIgniter\CodeIgniter->run()
#9 {main}
CRITICAL - 2022-10-15 19:36:25 --> valid_username is not a valid rule.
#0 C:\Apache24\htdocs\Ejercicio_4\system\Validation\Validation.php(300): CodeIgniter\Validation\Exceptions\ValidationException::forRuleNotFound()
#1 C:\Apache24\htdocs\Ejercicio_4\system\Validation\Validation.php(157): CodeIgniter\Validation\Validation->processRules()
#2 C:\Apache24\htdocs\Ejercicio_4\system\BaseModel.php(1347): CodeIgniter\Validation\Validation->run()
#3 C:\Apache24\htdocs\Ejercicio_4\system\BaseModel.php(707): CodeIgniter\BaseModel->validate()
#4 C:\Apache24\htdocs\Ejercicio_4\system\Model.php(625): CodeIgniter\BaseModel->insert()
#5 C:\Apache24\htdocs\Ejercicio_4\app\Controllers\Form.php(41): CodeIgniter\Model->insert()
#6 C:\Apache24\htdocs\Ejercicio_4\system\CodeIgniter.php(832): App\Controllers\Form->index()
#7 C:\Apache24\htdocs\Ejercicio_4\system\CodeIgniter.php(419): CodeIgniter\CodeIgniter->runController()
#8 C:\Apache24\htdocs\Ejercicio_4\system\CodeIgniter.php(326): CodeIgniter\CodeIgniter->handleRequest()
#9 C:\Apache24\htdocs\Ejercicio_4\index.php(37): CodeIgniter\CodeIgniter->run()
#10 {main}
ERROR - 2022-10-15 19:38:15 --> Error connecting to the database: pg_connect(): Unable to connect to PostgreSQL server: FATAL:  la autentificación password falló para el usuario «adm_comunidadBancaria»
CRITICAL - 2022-10-15 19:38:15 --> Unable to connect to the database.
Main connection [Postgre]: pg_connect(): Unable to connect to PostgreSQL server: FATAL:  la autentificación password falló para el usuario «adm_comunidadBancaria»
#0 C:\Apache24\htdocs\Ejercicio_4\system\Database\BaseConnection.php(577): CodeIgniter\Database\BaseConnection->initialize()
#1 C:\Apache24\htdocs\Ejercicio_4\system\Database\BaseBuilder.php(1771): CodeIgniter\Database\BaseConnection->query()
#2 C:\Apache24\htdocs\Ejercicio_4\system\Model.php(239): CodeIgniter\Database\BaseBuilder->insert()
#3 C:\Apache24\htdocs\Ejercicio_4\system\BaseModel.php(738): CodeIgniter\Model->doInsert()
#4 C:\Apache24\htdocs\Ejercicio_4\system\Model.php(625): CodeIgniter\BaseModel->insert()
#5 C:\Apache24\htdocs\Ejercicio_4\app\Controllers\Form.php(41): CodeIgniter\Model->insert()
#6 C:\Apache24\htdocs\Ejercicio_4\system\CodeIgniter.php(832): App\Controllers\Form->index()
#7 C:\Apache24\htdocs\Ejercicio_4\system\CodeIgniter.php(419): CodeIgniter\CodeIgniter->runController()
#8 C:\Apache24\htdocs\Ejercicio_4\system\CodeIgniter.php(326): CodeIgniter\CodeIgniter->handleRequest()
#9 C:\Apache24\htdocs\Ejercicio_4\index.php(37): CodeIgniter\CodeIgniter->run()
#10 {main}
ERROR - 2022-10-15 19:38:56 --> ErrorException: pg_query(): Query failed: ERROR:  el valor «12121212121» está fuera de rango para el tipo integer
LINE 1: ...dasdas', 'asdasdasd', '2131231231', '0222-02-22', '121212121...
                                                             ^ in C:\Apache24\htdocs\Ejercicio_4\system\Database\Postgre\Connection.php:135
Stack trace:
#0 [internal function]: CodeIgniter\Debug\Exceptions->errorHandler()
#1 C:\Apache24\htdocs\Ejercicio_4\system\Database\Postgre\Connection.php(135): pg_query()
#2 C:\Apache24\htdocs\Ejercicio_4\system\Database\BaseConnection.php(670): CodeIgniter\Database\Postgre\Connection->execute()
#3 C:\Apache24\htdocs\Ejercicio_4\system\Database\BaseConnection.php(598): CodeIgniter\Database\BaseConnection->simpleQuery()
#4 C:\Apache24\htdocs\Ejercicio_4\system\Database\BaseBuilder.php(1771): CodeIgniter\Database\BaseConnection->query()
#5 C:\Apache24\htdocs\Ejercicio_4\system\Model.php(239): CodeIgniter\Database\BaseBuilder->insert()
#6 C:\Apache24\htdocs\Ejercicio_4\system\BaseModel.php(738): CodeIgniter\Model->doInsert()
#7 C:\Apache24\htdocs\Ejercicio_4\system\Model.php(625): CodeIgniter\BaseModel->insert()
#8 C:\Apache24\htdocs\Ejercicio_4\app\Controllers\Form.php(41): CodeIgniter\Model->insert()
#9 C:\Apache24\htdocs\Ejercicio_4\system\CodeIgniter.php(832): App\Controllers\Form->index()
#10 C:\Apache24\htdocs\Ejercicio_4\system\CodeIgniter.php(419): CodeIgniter\CodeIgniter->runController()
#11 C:\Apache24\htdocs\Ejercicio_4\system\CodeIgniter.php(326): CodeIgniter\CodeIgniter->handleRequest()
#12 C:\Apache24\htdocs\Ejercicio_4\index.php(37): CodeIgniter\CodeIgniter->run()
#13 {main}
CRITICAL - 2022-10-15 19:38:56 --> pg_query(): Query failed: ERROR:  el valor «12121212121» está fuera de rango para el tipo integer
LINE 1: ...dasdas', 'asdasdasd', '2131231231', '0222-02-22', '121212121...
                                                             ^
#0 [internal function]: CodeIgniter\Debug\Exceptions->errorHandler()
#1 C:\Apache24\htdocs\Ejercicio_4\system\Database\Postgre\Connection.php(135): pg_query()
#2 C:\Apache24\htdocs\Ejercicio_4\system\Database\BaseConnection.php(670): CodeIgniter\Database\Postgre\Connection->execute()
#3 C:\Apache24\htdocs\Ejercicio_4\system\Database\BaseConnection.php(598): CodeIgniter\Database\BaseConnection->simpleQuery()
#4 C:\Apache24\htdocs\Ejercicio_4\system\Database\BaseBuilder.php(1771): CodeIgniter\Database\BaseConnection->query()
#5 C:\Apache24\htdocs\Ejercicio_4\system\Model.php(239): CodeIgniter\Database\BaseBuilder->insert()
#6 C:\Apache24\htdocs\Ejercicio_4\system\BaseModel.php(738): CodeIgniter\Model->doInsert()
#7 C:\Apache24\htdocs\Ejercicio_4\system\Model.php(625): CodeIgniter\BaseModel->insert()
#8 C:\Apache24\htdocs\Ejercicio_4\app\Controllers\Form.php(41): CodeIgniter\Model->insert()
#9 C:\Apache24\htdocs\Ejercicio_4\system\CodeIgniter.php(832): App\Controllers\Form->index()
#10 C:\Apache24\htdocs\Ejercicio_4\system\CodeIgniter.php(419): CodeIgniter\CodeIgniter->runController()
#11 C:\Apache24\htdocs\Ejercicio_4\system\CodeIgniter.php(326): CodeIgniter\CodeIgniter->handleRequest()
#12 C:\Apache24\htdocs\Ejercicio_4\index.php(37): CodeIgniter\CodeIgniter->run()
#13 {main}
CRITICAL - 2022-10-15 19:47:41 --> Call to a member function listErrors() on null
#0 C:\Apache24\htdocs\Ejercicio_4\system\View\View.php(210): include()
#1 C:\Apache24\htdocs\Ejercicio_4\system\View\View.php(213): CodeIgniter\View\View->CodeIgniter\View\{closure}()
#2 C:\Apache24\htdocs\Ejercicio_4\system\Common.php(1089): CodeIgniter\View\View->render()
#3 C:\Apache24\htdocs\Ejercicio_4\app\Controllers\Form.php(45): view()
#4 C:\Apache24\htdocs\Ejercicio_4\system\CodeIgniter.php(832): App\Controllers\Form->index()
#5 C:\Apache24\htdocs\Ejercicio_4\system\CodeIgniter.php(419): CodeIgniter\CodeIgniter->runController()
#6 C:\Apache24\htdocs\Ejercicio_4\system\CodeIgniter.php(326): CodeIgniter\CodeIgniter->handleRequest()
#7 C:\Apache24\htdocs\Ejercicio_4\index.php(37): CodeIgniter\CodeIgniter->run()
#8 {main}
